# JRE version: OpenJDK Runtime Environment (7.0_101) (build 1.7.0_101-b00)
# Java VM: OpenJDK 64-Bit Server VM (24.95-b01 mixed mode linux-amd64 compressed oops)
Heap
 PSYoungGen      total 95232K, used 5690K [0x00000007c6f00000, 0x00000007d2700000, 0x0000000800000000)
  eden space 88064K, 3% used [0x00000007c6f00000,0x00000007c72293b8,0x00000007cc500000)
  from space 7168K, 34% used [0x00000007cc500000,0x00000007cc765830,0x00000007ccc00000)
  to   space 6144K, 0% used [0x00000007d2100000,0x00000007d2100000,0x00000007d2700000)
 ParOldGen       total 116736K, used 24K [0x0000000754e00000, 0x000000075c000000, 0x00000007c6f00000)
  object space 116736K, 0% used [0x0000000754e00000,0x0000000754e06000,0x000000075c000000)
 PSPermGen       total 21504K, used 11673K [0x000000074a800000, 0x000000074bd00000, 0x0000000754e00000)
  object space 21504K, 54% used [0x000000074a800000,0x000000074b366700,0x000000074bd00000)
GC Heap History (10 events):
Event: 5.347 GC heap before
{Heap before GC invocations=1 (full 0):
 PSYoungGen      total 51200K, used 44032K [0x00000007c6f00000, 0x00000007ca800000, 0x0000000800000000)
  eden space 44032K, 100% used [0x00000007c6f00000,0x00000007c9a00000,0x00000007c9a00000)
  from space 7168K, 0% used [0x00000007ca100000,0x00000007ca100000,0x00000007ca800000)
  to   space 7168K, 0% used [0x00000007c9a00000,0x00000007c9a00000,0x00000007ca100000)
 ParOldGen       total 116736K, used 0K [0x0000000754e00000, 0x000000075c000000, 0x00000007c6f00000)
  object space 116736K, 0% used [0x0000000754e00000,0x0000000754e00000,0x000000075c000000)
 PSPermGen       total 21504K, used 11588K [0x000000074a800000, 0x000000074bd00000, 0x0000000754e00000)
  object space 21504K, 53% used [0x000000074a800000,0x000000074b351188,0x000000074bd00000)
Event: 5.356 GC heap after
Heap after GC invocations=1 (full 0):
 PSYoungGen      total 51200K, used 5032K [0x00000007c6f00000, 0x00000007ca800000, 0x0000000800000000)
  eden space 44032K, 0% used [0x00000007c6f00000,0x00000007c6f00000,0x00000007c9a00000)
  from space 7168K, 70% used [0x00000007c9a00000,0x00000007c9eea070,0x00000007ca100000)
  to   space 7168K, 0% used [0x00000007ca100000,0x00000007ca100000,0x00000007ca800000)
 ParOldGen       total 116736K, used 8K [0x0000000754e00000, 0x000000075c000000, 0x00000007c6f00000)
  object space 116736K, 0% used [0x0000000754e00000,0x0000000754e02000,0x000000075c000000)
 PSPermGen       total 21504K, used 11588K [0x000000074a800000, 0x000000074bd00000, 0x0000000754e00000)
  object space 21504K, 53% used [0x000000074a800000,0x000000074b351188,0x000000074bd00000)
}
Event: 5.720 GC heap before
{Heap before GC invocations=2 (full 0):
 PSYoungGen      total 51200K, used 49064K [0x00000007c6f00000, 0x00000007ca800000, 0x0000000800000000)
  eden space 44032K, 100% used [0x00000007c6f00000,0x00000007c9a00000,0x00000007c9a00000)
  from space 7168K, 70% used [0x00000007c9a00000,0x00000007c9eea070,0x00000007ca100000)
  to   space 7168K, 0% used [0x00000007ca100000,0x00000007ca100000,0x00000007ca800000)
 ParOldGen       total 116736K, used 8K [0x0000000754e00000, 0x000000075c000000, 0x00000007c6f00000)
  object space 116736K, 0% used [0x0000000754e00000,0x0000000754e02000,0x000000075c000000)
 PSPermGen       total 21504K, used 11669K [0x000000074a800000, 0x000000074bd00000, 0x0000000754e00000)
  object space 21504K, 54% used [0x000000074a800000,0x000000074b365430,0x000000074bd00000)
Event: 5.731 GC heap after
Heap after GC invocations=2 (full 0):
 PSYoungGen      total 51200K, used 2440K [0x00000007c6f00000, 0x00000007cd300000, 0x0000000800000000)
  eden space 44032K, 0% used [0x00000007c6f00000,0x00000007c6f00000,0x00000007c9a00000)
  from space 7168K, 34% used [0x00000007ca100000,0x00000007ca362050,0x00000007ca800000)
  to   space 7168K, 0% used [0x00000007c9a00000,0x00000007c9a00000,0x00000007ca100000)
 ParOldGen       total 116736K, used 16K [0x0000000754e00000, 0x000000075c000000, 0x00000007c6f00000)
  object space 116736K, 0% used [0x0000000754e00000,0x0000000754e04000,0x000000075c000000)
 PSPermGen       total 21504K, used 11669K [0x000000074a800000, 0x000000074bd00000, 0x0000000754e00000)
  object space 21504K, 54% used [0x000000074a800000,0x000000074b365430,0x000000074bd00000)
}
Event: 5.963 GC heap before
{Heap before GC invocations=3 (full 0):
 PSYoungGen      total 51200K, used 46472K [0x00000007c6f00000, 0x00000007cd300000, 0x0000000800000000)
  eden space 44032K, 100% used [0x00000007c6f00000,0x00000007c9a00000,0x00000007c9a00000)
  from space 7168K, 34% used [0x00000007ca100000,0x00000007ca362050,0x00000007ca800000)
  to   space 7168K, 0% used [0x00000007c9a00000,0x00000007c9a00000,0x00000007ca100000)
 ParOldGen       total 116736K, used 16K [0x0000000754e00000, 0x000000075c000000, 0x00000007c6f00000)
  object space 116736K, 0% used [0x0000000754e00000,0x0000000754e04000,0x000000075c000000)
 PSPermGen       total 21504K, used 11671K [0x000000074a800000, 0x000000074bd00000, 0x0000000754e00000)
  object space 21504K, 54% used [0x000000074a800000,0x000000074b365c98,0x000000074bd00000)
Event: 5.985 GC heap after
Heap after GC invocations=3 (full 0):
 PSYoungGen      total 51200K, used 2408K [0x00000007c6f00000, 0x00000007cd300000, 0x0000000800000000)
  eden space 44032K, 0% used [0x00000007c6f00000,0x00000007c6f00000,0x00000007c9a00000)
  from space 7168K, 33% used [0x00000007c9a00000,0x00000007c9c5a050,0x00000007ca100000)
  to   space 7168K, 0% used [0x00000007ccc00000,0x00000007ccc00000,0x00000007cd300000)
 ParOldGen       total 116736K, used 16K [0x0000000754e00000, 0x000000075c000000, 0x00000007c6f00000)
  object space 116736K, 0% used [0x0000000754e00000,0x0000000754e04000,0x000000075c000000)
 PSPermGen       total 21504K, used 11671K [0x000000074a800000, 0x000000074bd00000, 0x0000000754e00000)
  object space 21504K, 54% used [0x000000074a800000,0x000000074b365c98,0x000000074bd00000)
}
Event: 6.223 GC heap before
{Heap before GC invocations=4 (full 0):
 PSYoungGen      total 51200K, used 46440K [0x00000007c6f00000, 0x00000007cd300000, 0x0000000800000000)
  eden space 44032K, 100% used [0x00000007c6f00000,0x00000007c9a00000,0x00000007c9a00000)
  from space 7168K, 33% used [0x00000007c9a00000,0x00000007c9c5a050,0x00000007ca100000)
  to   space 7168K, 0% used [0x00000007ccc00000,0x00000007ccc00000,0x00000007cd300000)
 ParOldGen       total 116736K, used 16K [0x0000000754e00000, 0x000000075c000000, 0x00000007c6f00000)
  object space 116736K, 0% used [0x0000000754e00000,0x0000000754e04000,0x000000075c000000)
 PSPermGen       total 21504K, used 11672K [0x000000074a800000, 0x000000074bd00000, 0x0000000754e00000)
  object space 21504K, 54% used [0x000000074a800000,0x000000074b366228,0x000000074bd00000)
Event: 6.253 GC heap after
Heap after GC invocations=4 (full 0):
 PSYoungGen      total 95232K, used 4808K [0x00000007c6f00000, 0x00000007cd300000, 0x0000000800000000)
  eden space 88064K, 0% used [0x00000007c6f00000,0x00000007c6f00000,0x00000007cc500000)
  from space 7168K, 67% used [0x00000007ccc00000,0x00000007cd0b2060,0x00000007cd300000)
  to   space 7168K, 0% used [0x00000007cc500000,0x00000007cc500000,0x00000007ccc00000)
 ParOldGen       total 116736K, used 16K [0x0000000754e00000, 0x000000075c000000, 0x00000007c6f00000)
  object space 116736K, 0% used [0x0000000754e00000,0x0000000754e04000,0x000000075c000000)
 PSPermGen       total 21504K, used 11672K [0x000000074a800000, 0x000000074bd00000, 0x0000000754e00000)
  object space 21504K, 54% used [0x000000074a800000,0x000000074b366228,0x000000074bd00000)
}
Event: 6.774 GC heap before
{Heap before GC invocations=5 (full 0):
 PSYoungGen      total 95232K, used 92872K [0x00000007c6f00000, 0x00000007cd300000, 0x0000000800000000)
  eden space 88064K, 100% used [0x00000007c6f00000,0x00000007cc500000,0x00000007cc500000)
  from space 7168K, 67% used [0x00000007ccc00000,0x00000007cd0b2060,0x00000007cd300000)
  to   space 7168K, 0% used [0x00000007cc500000,0x00000007cc500000,0x00000007ccc00000)
 ParOldGen       total 116736K, used 16K [0x0000000754e00000, 0x000000075c000000, 0x00000007c6f00000)
  object space 116736K, 0% used [0x0000000754e00000,0x0000000754e04000,0x000000075c000000)
 PSPermGen       total 21504K, used 11673K [0x000000074a800000, 0x000000074bd00000, 0x0000000754e00000)
  object space 21504K, 54% used [0x000000074a800000,0x000000074b366700,0x000000074bd00000)
Event: 6.780 GC heap after
Heap after GC invocations=5 (full 0):
 PSYoungGen      total 95232K, used 2454K [0x00000007c6f00000, 0x00000007d2700000, 0x0000000800000000)
  eden space 88064K, 0% used [0x00000007c6f00000,0x00000007c6f00000,0x00000007cc500000)
  from space 7168K, 34% used [0x00000007cc500000,0x00000007cc765830,0x00000007ccc00000)
  to   space 6144K, 0% used [0x00000007d2100000,0x00000007d2100000,0x00000007d2700000)
 ParOldGen       total 116736K, used 24K [0x0000000754e00000, 0x000000075c000000, 0x00000007c6f00000)
  object space 116736K, 0% used [0x0000000754e00000,0x0000000754e06000,0x000000075c000000)
 PSPermGen       total 21504K, used 11673K [0x000000074a800000, 0x000000074bd00000, 0x0000000754e00000)
  object space 21504K, 54% used [0x000000074a800000,0x000000074b366700,0x000000074bd00000)
}

