# JRE version: OpenJDK Runtime Environment (7.0_101) (build 1.7.0_101-b00)
# Java VM: OpenJDK 64-Bit Server VM (24.95-b01 mixed mode linux-amd64 compressed oops)
Heap
 PSYoungGen      total 181248K, used 44223K [0x00000007c6f00000, 0x00000007d2700000, 0x0000000800000000)
  eden space 175616K, 22% used [0x00000007c6f00000,0x00000007c952bbe8,0x00000007d1a80000)
  from space 5632K, 91% used [0x00000007d2080000,0x00000007d2584030,0x00000007d2600000)
  to   space 6144K, 0% used [0x00000007d1a80000,0x00000007d1a80000,0x00000007d2080000)
 ParOldGen       total 116736K, used 32K [0x0000000754e00000, 0x000000075c000000, 0x00000007c6f00000)
  object space 116736K, 0% used [0x0000000754e00000,0x0000000754e08000,0x000000075c000000)
 PSPermGen       total 21504K, used 11702K [0x000000074a800000, 0x000000074bd00000, 0x0000000754e00000)
  object space 21504K, 54% used [0x000000074a800000,0x000000074b36da10,0x000000074bd00000)
GC Heap History (10 events):
Event: 5.964 GC heap before
{Heap before GC invocations=2 (full 0):
 PSYoungGen      total 51200K, used 49052K [0x00000007c6f00000, 0x00000007ca800000, 0x0000000800000000)
  eden space 44032K, 100% used [0x00000007c6f00000,0x00000007c9a00000,0x00000007c9a00000)
  from space 7168K, 70% used [0x00000007c9a00000,0x00000007c9ee73b0,0x00000007ca100000)
  to   space 7168K, 0% used [0x00000007ca100000,0x00000007ca100000,0x00000007ca800000)
 ParOldGen       total 116736K, used 8K [0x0000000754e00000, 0x000000075c000000, 0x00000007c6f00000)
  object space 116736K, 0% used [0x0000000754e00000,0x0000000754e02000,0x000000075c000000)
 PSPermGen       total 21504K, used 11683K [0x000000074a800000, 0x000000074bd00000, 0x0000000754e00000)
  object space 21504K, 54% used [0x000000074a800000,0x000000074b368c88,0x000000074bd00000)
Event: 5.974 GC heap after
Heap after GC invocations=2 (full 0):
 PSYoungGen      total 51200K, used 2818K [0x00000007c6f00000, 0x00000007cd300000, 0x0000000800000000)
  eden space 44032K, 0% used [0x00000007c6f00000,0x00000007c6f00000,0x00000007c9a00000)
  from space 7168K, 39% used [0x00000007ca100000,0x00000007ca3c0840,0x00000007ca800000)
  to   space 7168K, 0% used [0x00000007c9a00000,0x00000007c9a00000,0x00000007ca100000)
 ParOldGen       total 116736K, used 8K [0x0000000754e00000, 0x000000075c000000, 0x00000007c6f00000)
  object space 116736K, 0% used [0x0000000754e00000,0x0000000754e02000,0x000000075c000000)
 PSPermGen       total 21504K, used 11683K [0x000000074a800000, 0x000000074bd00000, 0x0000000754e00000)
  object space 21504K, 54% used [0x000000074a800000,0x000000074b368c88,0x000000074bd00000)
}
Event: 6.198 GC heap before
{Heap before GC invocations=3 (full 0):
 PSYoungGen      total 51200K, used 46850K [0x00000007c6f00000, 0x00000007cd300000, 0x0000000800000000)
  eden space 44032K, 100% used [0x00000007c6f00000,0x00000007c9a00000,0x00000007c9a00000)
  from space 7168K, 39% used [0x00000007ca100000,0x00000007ca3c0840,0x00000007ca800000)
  to   space 7168K, 0% used [0x00000007c9a00000,0x00000007c9a00000,0x00000007ca100000)
 ParOldGen       total 116736K, used 8K [0x0000000754e00000, 0x000000075c000000, 0x00000007c6f00000)
  object space 116736K, 0% used [0x0000000754e00000,0x0000000754e02000,0x000000075c000000)
 PSPermGen       total 21504K, used 11684K [0x000000074a800000, 0x000000074bd00000, 0x0000000754e00000)
  object space 21504K, 54% used [0x000000074a800000,0x000000074b3692f0,0x000000074bd00000)
Event: 6.204 GC heap after
Heap after GC invocations=3 (full 0):
 PSYoungGen      total 51200K, used 3354K [0x00000007c6f00000, 0x00000007cd300000, 0x0000000800000000)
  eden space 44032K, 0% used [0x00000007c6f00000,0x00000007c6f00000,0x00000007c9a00000)
  from space 7168K, 46% used [0x00000007c9a00000,0x00000007c9d46860,0x00000007ca100000)
  to   space 7168K, 0% used [0x00000007ccc00000,0x00000007ccc00000,0x00000007cd300000)
 ParOldGen       total 116736K, used 16K [0x0000000754e00000, 0x000000075c000000, 0x00000007c6f00000)
  object space 116736K, 0% used [0x0000000754e00000,0x0000000754e04000,0x000000075c000000)
 PSPermGen       total 21504K, used 11684K [0x000000074a800000, 0x000000074bd00000, 0x0000000754e00000)
  object space 21504K, 54% used [0x000000074a800000,0x000000074b3692f0,0x000000074bd00000)
}
Event: 6.415 GC heap before
{Heap before GC invocations=4 (full 0):
 PSYoungGen      total 51200K, used 45129K [0x00000007c6f00000, 0x00000007cd300000, 0x0000000800000000)
  eden space 44032K, 94% used [0x00000007c6f00000,0x00000007c97cbcf8,0x00000007c9a00000)
  from space 7168K, 46% used [0x00000007c9a00000,0x00000007c9d46860,0x00000007ca100000)
  to   space 7168K, 0% used [0x00000007ccc00000,0x00000007ccc00000,0x00000007cd300000)
 ParOldGen       total 116736K, used 16K [0x0000000754e00000, 0x000000075c000000, 0x00000007c6f00000)
  object space 116736K, 0% used [0x0000000754e00000,0x0000000754e04000,0x000000075c000000)
 PSPermGen       total 21504K, used 11684K [0x000000074a800000, 0x000000074bd00000, 0x0000000754e00000)
  object space 21504K, 54% used [0x000000074a800000,0x000000074b3692f0,0x000000074bd00000)
Event: 6.437 GC heap after
Heap after GC invocations=4 (full 0):
 PSYoungGen      total 95232K, used 2740K [0x00000007c6f00000, 0x00000007cd300000, 0x0000000800000000)
  eden space 88064K, 0% used [0x00000007c6f00000,0x00000007c6f00000,0x00000007cc500000)
  from space 7168K, 38% used [0x00000007ccc00000,0x00000007ccead060,0x00000007cd300000)
  to   space 7168K, 0% used [0x00000007cc500000,0x00000007cc500000,0x00000007ccc00000)
 ParOldGen       total 116736K, used 24K [0x0000000754e00000, 0x000000075c000000, 0x00000007c6f00000)
  object space 116736K, 0% used [0x0000000754e00000,0x0000000754e06000,0x000000075c000000)
 PSPermGen       total 21504K, used 11684K [0x000000074a800000, 0x000000074bd00000, 0x0000000754e00000)
  object space 21504K, 54% used [0x000000074a800000,0x000000074b3692f0,0x000000074bd00000)
}
Event: 6.946 GC heap before
{Heap before GC invocations=5 (full 0):
 PSYoungGen      total 95232K, used 90804K [0x00000007c6f00000, 0x00000007cd300000, 0x0000000800000000)
  eden space 88064K, 100% used [0x00000007c6f00000,0x00000007cc500000,0x00000007cc500000)
  from space 7168K, 38% used [0x00000007ccc00000,0x00000007ccead060,0x00000007cd300000)
  to   space 7168K, 0% used [0x00000007cc500000,0x00000007cc500000,0x00000007ccc00000)
 ParOldGen       total 116736K, used 24K [0x0000000754e00000, 0x000000075c000000, 0x00000007c6f00000)
  object space 116736K, 0% used [0x0000000754e00000,0x0000000754e06000,0x000000075c000000)
 PSPermGen       total 21504K, used 11700K [0x000000074a800000, 0x000000074bd00000, 0x0000000754e00000)
  object space 21504K, 54% used [0x000000074a800000,0x000000074b36d300,0x000000074bd00000)
Event: 6.957 GC heap after
Heap after GC invocations=5 (full 0):
 PSYoungGen      total 95232K, used 4554K [0x00000007c6f00000, 0x00000007d2600000, 0x0000000800000000)
  eden space 88064K, 0% used [0x00000007c6f00000,0x00000007c6f00000,0x00000007cc500000)
  from space 7168K, 63% used [0x00000007cc500000,0x00000007cc972860,0x00000007ccc00000)
  to   space 5632K, 0% used [0x00000007d2080000,0x00000007d2080000,0x00000007d2600000)
 ParOldGen       total 116736K, used 32K [0x0000000754e00000, 0x000000075c000000, 0x00000007c6f00000)
  object space 116736K, 0% used [0x0000000754e00000,0x0000000754e08000,0x000000075c000000)
 PSPermGen       total 21504K, used 11700K [0x000000074a800000, 0x000000074bd00000, 0x0000000754e00000)
  object space 21504K, 54% used [0x000000074a800000,0x000000074b36d300,0x000000074bd00000)
}
Event: 7.407 GC heap before
{Heap before GC invocations=6 (full 0):
 PSYoungGen      total 95232K, used 92618K [0x00000007c6f00000, 0x00000007d2600000, 0x0000000800000000)
  eden space 88064K, 100% used [0x00000007c6f00000,0x00000007cc500000,0x00000007cc500000)
  from space 7168K, 63% used [0x00000007cc500000,0x00000007cc972860,0x00000007ccc00000)
  to   space 5632K, 0% used [0x00000007d2080000,0x00000007d2080000,0x00000007d2600000)
 ParOldGen       total 116736K, used 32K [0x0000000754e00000, 0x000000075c000000, 0x00000007c6f00000)
  object space 116736K, 0% used [0x0000000754e00000,0x0000000754e08000,0x000000075c000000)
 PSPermGen       total 21504K, used 11701K [0x000000074a800000, 0x000000074bd00000, 0x0000000754e00000)
  object space 21504K, 54% used [0x000000074a800000,0x000000074b36d6a0,0x000000074bd00000)
Event: 7.416 GC heap after
Heap after GC invocations=6 (full 0):
 PSYoungGen      total 181248K, used 5136K [0x00000007c6f00000, 0x00000007d2700000, 0x0000000800000000)
  eden space 175616K, 0% used [0x00000007c6f00000,0x00000007c6f00000,0x00000007d1a80000)
  from space 5632K, 91% used [0x00000007d2080000,0x00000007d2584030,0x00000007d2600000)
  to   space 6144K, 0% used [0x00000007d1a80000,0x00000007d1a80000,0x00000007d2080000)
 ParOldGen       total 116736K, used 32K [0x0000000754e00000, 0x000000075c000000, 0x00000007c6f00000)
  object space 116736K, 0% used [0x0000000754e00000,0x0000000754e08000,0x000000075c000000)
 PSPermGen       total 21504K, used 11701K [0x000000074a800000, 0x000000074bd00000, 0x0000000754e00000)
  object space 21504K, 54% used [0x000000074a800000,0x000000074b36d6a0,0x000000074bd00000)
}

