# JRE version: OpenJDK Runtime Environment (7.0_101) (build 1.7.0_101-b00)
# Java VM: OpenJDK 64-Bit Server VM (24.95-b01 mixed mode linux-amd64 compressed oops)
Heap
 PSYoungGen      total 180224K, used 8322K [0x00000007c6f00000, 0x00000007d2700000, 0x0000000800000000)
  eden space 175104K, 1% used [0x00000007c6f00000,0x00000007c7228178,0x00000007d1a00000)
  from space 5120K, 99% used [0x00000007d2000000,0x00000007d24f8870,0x00000007d2500000)
  to   space 6144K, 0% used [0x00000007d1a00000,0x00000007d1a00000,0x00000007d2000000)
 ParOldGen       total 116736K, used 32K [0x0000000754e00000, 0x000000075c000000, 0x00000007c6f00000)
  object space 116736K, 0% used [0x0000000754e00000,0x0000000754e08000,0x000000075c000000)
 PSPermGen       total 21504K, used 11691K [0x000000074a800000, 0x000000074bd00000, 0x0000000754e00000)
  object space 21504K, 54% used [0x000000074a800000,0x000000074b36ae88,0x000000074bd00000)
GC Heap History (10 events):
Event: 5.819 GC heap before
{Heap before GC invocations=2 (full 0):
 PSYoungGen      total 51200K, used 49052K [0x00000007c6f00000, 0x00000007ca800000, 0x0000000800000000)
  eden space 44032K, 100% used [0x00000007c6f00000,0x00000007c9a00000,0x00000007c9a00000)
  from space 7168K, 70% used [0x00000007c9a00000,0x00000007c9ee73b0,0x00000007ca100000)
  to   space 7168K, 0% used [0x00000007ca100000,0x00000007ca100000,0x00000007ca800000)
 ParOldGen       total 116736K, used 8K [0x0000000754e00000, 0x000000075c000000, 0x00000007c6f00000)
  object space 116736K, 0% used [0x0000000754e00000,0x0000000754e02000,0x000000075c000000)
 PSPermGen       total 21504K, used 11689K [0x000000074a800000, 0x000000074bd00000, 0x0000000754e00000)
  object space 21504K, 54% used [0x000000074a800000,0x000000074b36a5a0,0x000000074bd00000)
Event: 5.827 GC heap after
Heap after GC invocations=2 (full 0):
 PSYoungGen      total 51200K, used 2786K [0x00000007c6f00000, 0x00000007ca800000, 0x0000000800000000)
  eden space 44032K, 0% used [0x00000007c6f00000,0x00000007c6f00000,0x00000007c9a00000)
  from space 7168K, 38% used [0x00000007ca100000,0x00000007ca3b8840,0x00000007ca800000)
  to   space 7168K, 0% used [0x00000007c9a00000,0x00000007c9a00000,0x00000007ca100000)
 ParOldGen       total 116736K, used 16K [0x0000000754e00000, 0x000000075c000000, 0x00000007c6f00000)
  object space 116736K, 0% used [0x0000000754e00000,0x0000000754e04000,0x000000075c000000)
 PSPermGen       total 21504K, used 11689K [0x000000074a800000, 0x000000074bd00000, 0x0000000754e00000)
  object space 21504K, 54% used [0x000000074a800000,0x000000074b36a5a0,0x000000074bd00000)
}
Event: 6.067 GC heap before
{Heap before GC invocations=3 (full 0):
 PSYoungGen      total 51200K, used 46818K [0x00000007c6f00000, 0x00000007ca800000, 0x0000000800000000)
  eden space 44032K, 100% used [0x00000007c6f00000,0x00000007c9a00000,0x00000007c9a00000)
  from space 7168K, 38% used [0x00000007ca100000,0x00000007ca3b8840,0x00000007ca800000)
  to   space 7168K, 0% used [0x00000007c9a00000,0x00000007c9a00000,0x00000007ca100000)
 ParOldGen       total 116736K, used 16K [0x0000000754e00000, 0x000000075c000000, 0x00000007c6f00000)
  object space 116736K, 0% used [0x0000000754e00000,0x0000000754e04000,0x000000075c000000)
 PSPermGen       total 21504K, used 11691K [0x000000074a800000, 0x000000074bd00000, 0x0000000754e00000)
  object space 21504K, 54% used [0x000000074a800000,0x000000074b36ac08,0x000000074bd00000)
Event: 6.074 GC heap after
Heap after GC invocations=3 (full 0):
 PSYoungGen      total 51200K, used 2736K [0x00000007c6f00000, 0x00000007cd300000, 0x0000000800000000)
  eden space 44032K, 0% used [0x00000007c6f00000,0x00000007c6f00000,0x00000007c9a00000)
  from space 7168K, 38% used [0x00000007c9a00000,0x00000007c9cac020,0x00000007ca100000)
  to   space 7168K, 0% used [0x00000007ccc00000,0x00000007ccc00000,0x00000007cd300000)
 ParOldGen       total 116736K, used 24K [0x0000000754e00000, 0x000000075c000000, 0x00000007c6f00000)
  object space 116736K, 0% used [0x0000000754e00000,0x0000000754e06000,0x000000075c000000)
 PSPermGen       total 21504K, used 11691K [0x000000074a800000, 0x000000074bd00000, 0x0000000754e00000)
  object space 21504K, 54% used [0x000000074a800000,0x000000074b36ac08,0x000000074bd00000)
}
Event: 6.283 GC heap before
{Heap before GC invocations=4 (full 0):
 PSYoungGen      total 51200K, used 44511K [0x00000007c6f00000, 0x00000007cd300000, 0x0000000800000000)
  eden space 44032K, 94% used [0x00000007c6f00000,0x00000007c97cbcf8,0x00000007c9a00000)
  from space 7168K, 38% used [0x00000007c9a00000,0x00000007c9cac020,0x00000007ca100000)
  to   space 7168K, 0% used [0x00000007ccc00000,0x00000007ccc00000,0x00000007cd300000)
 ParOldGen       total 116736K, used 24K [0x0000000754e00000, 0x000000075c000000, 0x00000007c6f00000)
  object space 116736K, 0% used [0x0000000754e00000,0x0000000754e06000,0x000000075c000000)
 PSPermGen       total 21504K, used 11691K [0x000000074a800000, 0x000000074bd00000, 0x0000000754e00000)
  object space 21504K, 54% used [0x000000074a800000,0x000000074b36ac08,0x000000074bd00000)
Event: 6.296 GC heap after
Heap after GC invocations=4 (full 0):
 PSYoungGen      total 95232K, used 2706K [0x00000007c6f00000, 0x00000007cd300000, 0x0000000800000000)
  eden space 88064K, 0% used [0x00000007c6f00000,0x00000007c6f00000,0x00000007cc500000)
  from space 7168K, 37% used [0x00000007ccc00000,0x00000007ccea4850,0x00000007cd300000)
  to   space 7168K, 0% used [0x00000007cc500000,0x00000007cc500000,0x00000007ccc00000)
 ParOldGen       total 116736K, used 32K [0x0000000754e00000, 0x000000075c000000, 0x00000007c6f00000)
  object space 116736K, 0% used [0x0000000754e00000,0x0000000754e08000,0x000000075c000000)
 PSPermGen       total 21504K, used 11691K [0x000000074a800000, 0x000000074bd00000, 0x0000000754e00000)
  object space 21504K, 54% used [0x000000074a800000,0x000000074b36ac08,0x000000074bd00000)
}
Event: 6.788 GC heap before
{Heap before GC invocations=5 (full 0):
 PSYoungGen      total 95232K, used 90770K [0x00000007c6f00000, 0x00000007cd300000, 0x0000000800000000)
  eden space 88064K, 100% used [0x00000007c6f00000,0x00000007cc500000,0x00000007cc500000)
  from space 7168K, 37% used [0x00000007ccc00000,0x00000007ccea4850,0x00000007cd300000)
  to   space 7168K, 0% used [0x00000007cc500000,0x00000007cc500000,0x00000007ccc00000)
 ParOldGen       total 116736K, used 32K [0x0000000754e00000, 0x000000075c000000, 0x00000007c6f00000)
  object space 116736K, 0% used [0x0000000754e00000,0x0000000754e08000,0x000000075c000000)
 PSPermGen       total 21504K, used 11691K [0x000000074a800000, 0x000000074bd00000, 0x0000000754e00000)
  object space 21504K, 54% used [0x000000074a800000,0x000000074b36ae88,0x000000074bd00000)
Event: 6.804 GC heap after
Heap after GC invocations=5 (full 0):
 PSYoungGen      total 95232K, used 2690K [0x00000007c6f00000, 0x00000007d2500000, 0x0000000800000000)
  eden space 88064K, 0% used [0x00000007c6f00000,0x00000007c6f00000,0x00000007cc500000)
  from space 7168K, 37% used [0x00000007cc500000,0x00000007cc7a0840,0x00000007ccc00000)
  to   space 5120K, 0% used [0x00000007d2000000,0x00000007d2000000,0x00000007d2500000)
 ParOldGen       total 116736K, used 32K [0x0000000754e00000, 0x000000075c000000, 0x00000007c6f00000)
  object space 116736K, 0% used [0x0000000754e00000,0x0000000754e08000,0x000000075c000000)
 PSPermGen       total 21504K, used 11691K [0x000000074a800000, 0x000000074bd00000, 0x0000000754e00000)
  object space 21504K, 54% used [0x000000074a800000,0x000000074b36ae88,0x000000074bd00000)
}
Event: 7.300 GC heap before
{Heap before GC invocations=6 (full 0):
 PSYoungGen      total 95232K, used 90754K [0x00000007c6f00000, 0x00000007d2500000, 0x0000000800000000)
  eden space 88064K, 100% used [0x00000007c6f00000,0x00000007cc500000,0x00000007cc500000)
  from space 7168K, 37% used [0x00000007cc500000,0x00000007cc7a0840,0x00000007ccc00000)
  to   space 5120K, 0% used [0x00000007d2000000,0x00000007d2000000,0x00000007d2500000)
 ParOldGen       total 116736K, used 32K [0x0000000754e00000, 0x000000075c000000, 0x00000007c6f00000)
  object space 116736K, 0% used [0x0000000754e00000,0x0000000754e08000,0x000000075c000000)
 PSPermGen       total 21504K, used 11691K [0x000000074a800000, 0x000000074bd00000, 0x0000000754e00000)
  object space 21504K, 54% used [0x000000074a800000,0x000000074b36ae88,0x000000074bd00000)
Event: 7.331 GC heap after
Heap after GC invocations=6 (full 0):
 PSYoungGen      total 180224K, used 5090K [0x00000007c6f00000, 0x00000007d2700000, 0x0000000800000000)
  eden space 175104K, 0% used [0x00000007c6f00000,0x00000007c6f00000,0x00000007d1a00000)
  from space 5120K, 99% used [0x00000007d2000000,0x00000007d24f8870,0x00000007d2500000)
  to   space 6144K, 0% used [0x00000007d1a00000,0x00000007d1a00000,0x00000007d2000000)
 ParOldGen       total 116736K, used 32K [0x0000000754e00000, 0x000000075c000000, 0x00000007c6f00000)
  object space 116736K, 0% used [0x0000000754e00000,0x0000000754e08000,0x000000075c000000)
 PSPermGen       total 21504K, used 11691K [0x000000074a800000, 0x000000074bd00000, 0x0000000754e00000)
  object space 21504K, 54% used [0x000000074a800000,0x000000074b36ae88,0x000000074bd00000)
}

