# JRE version: OpenJDK Runtime Environment (7.0_101) (build 1.7.0_101-b00)
# Java VM: OpenJDK 64-Bit Server VM (24.95-b01 mixed mode linux-amd64 compressed oops)
Heap
 PSYoungGen      total 340480K, used 11062K [0x00000007c6f00000, 0x00000007e9e80000, 0x0000000800000000)
  eden space 335872K, 2% used [0x00000007c6f00000,0x00000007c75be890,0x00000007db700000)
  from space 4608K, 90% used [0x00000007e9a00000,0x00000007e9e0f040,0x00000007e9e80000)
  to   space 6144K, 0% used [0x00000007e9280000,0x00000007e9280000,0x00000007e9880000)
 ParOldGen       total 116736K, used 3933K [0x0000000754e00000, 0x000000075c000000, 0x00000007c6f00000)
  object space 116736K, 3% used [0x0000000754e00000,0x00000007551d75b8,0x000000075c000000)
 PSPermGen       total 21504K, used 11810K [0x000000074a800000, 0x000000074bd00000, 0x0000000754e00000)
  object space 21504K, 54% used [0x000000074a800000,0x000000074b388928,0x000000074bd00000)
GC Heap History (10 events):
Event: 7.209 GC heap before
{Heap before GC invocations=6 (full 0):
 PSYoungGen      total 95232K, used 90832K [0x00000007c6f00000, 0x00000007d2500000, 0x0000000800000000)
  eden space 88064K, 100% used [0x00000007c6f00000,0x00000007cc500000,0x00000007cc500000)
  from space 7168K, 38% used [0x00000007cc500000,0x00000007cc7b4020,0x00000007ccc00000)
  to   space 5120K, 0% used [0x00000007d2000000,0x00000007d2000000,0x00000007d2500000)
 ParOldGen       total 116736K, used 24K [0x0000000754e00000, 0x000000075c000000, 0x00000007c6f00000)
  object space 116736K, 0% used [0x0000000754e00000,0x0000000754e06000,0x000000075c000000)
 PSPermGen       total 21504K, used 11701K [0x000000074a800000, 0x000000074bd00000, 0x0000000754e00000)
  object space 21504K, 54% used [0x000000074a800000,0x000000074b36d470,0x000000074bd00000)
Event: 7.216 GC heap after
Heap after GC invocations=6 (full 0):
 PSYoungGen      total 180736K, used 5090K [0x00000007c6f00000, 0x00000007d2600000, 0x0000000800000000)
  eden space 175616K, 0% used [0x00000007c6f00000,0x00000007c6f00000,0x00000007d1a80000)
  from space 5120K, 99% used [0x00000007d2000000,0x00000007d24f8850,0x00000007d2500000)
  to   space 5632K, 0% used [0x00000007d1a80000,0x00000007d1a80000,0x00000007d2000000)
 ParOldGen       total 116736K, used 32K [0x0000000754e00000, 0x000000075c000000, 0x00000007c6f00000)
  object space 116736K, 0% used [0x0000000754e00000,0x0000000754e08000,0x000000075c000000)
 PSPermGen       total 21504K, used 11701K [0x000000074a800000, 0x000000074bd00000, 0x0000000754e00000)
  object space 21504K, 54% used [0x000000074a800000,0x000000074b36d470,0x000000074bd00000)
}
Event: 8.145 GC heap before
{Heap before GC invocations=7 (full 0):
 PSYoungGen      total 180736K, used 180706K [0x00000007c6f00000, 0x00000007d2600000, 0x0000000800000000)
  eden space 175616K, 100% used [0x00000007c6f00000,0x00000007d1a80000,0x00000007d1a80000)
  from space 5120K, 99% used [0x00000007d2000000,0x00000007d24f8850,0x00000007d2500000)
  to   space 5632K, 0% used [0x00000007d1a80000,0x00000007d1a80000,0x00000007d2000000)
 ParOldGen       total 116736K, used 32K [0x0000000754e00000, 0x000000075c000000, 0x00000007c6f00000)
  object space 116736K, 0% used [0x0000000754e00000,0x0000000754e08000,0x000000075c000000)
 PSPermGen       total 21504K, used 11704K [0x000000074a800000, 0x000000074bd00000, 0x0000000754e00000)
  object space 21504K, 54% used [0x000000074a800000,0x000000074b36e0e8,0x000000074bd00000)
Event: 8.153 GC heap after
Heap after GC invocations=7 (full 0):
 PSYoungGen      total 181248K, used 460K [0x00000007c6f00000, 0x00000007dd200000, 0x0000000800000000)
  eden space 175616K, 0% used [0x00000007c6f00000,0x00000007c6f00000,0x00000007d1a80000)
  from space 5632K, 8% used [0x00000007d1a80000,0x00000007d1af3010,0x00000007d2000000)
  to   space 6144K, 0% used [0x00000007dcc00000,0x00000007dcc00000,0x00000007dd200000)
 ParOldGen       total 116736K, used 2685K [0x0000000754e00000, 0x000000075c000000, 0x00000007c6f00000)
  object space 116736K, 2% used [0x0000000754e00000,0x000000075509f598,0x000000075c000000)
 PSPermGen       total 21504K, used 11704K [0x000000074a800000, 0x000000074bd00000, 0x0000000754e00000)
  object space 21504K, 54% used [0x000000074a800000,0x000000074b36e0e8,0x000000074bd00000)
}
Event: 9.095 GC heap before
{Heap before GC invocations=8 (full 0):
 PSYoungGen      total 181248K, used 176076K [0x00000007c6f00000, 0x00000007dd200000, 0x0000000800000000)
  eden space 175616K, 100% used [0x00000007c6f00000,0x00000007d1a80000,0x00000007d1a80000)
  from space 5632K, 8% used [0x00000007d1a80000,0x00000007d1af3010,0x00000007d2000000)
  to   space 6144K, 0% used [0x00000007dcc00000,0x00000007dcc00000,0x00000007dd200000)
 ParOldGen       total 116736K, used 2685K [0x0000000754e00000, 0x000000075c000000, 0x00000007c6f00000)
  object space 116736K, 2% used [0x0000000754e00000,0x000000075509f598,0x000000075c000000)
 PSPermGen       total 21504K, used 11796K [0x000000074a800000, 0x000000074bd00000, 0x0000000754e00000)
  object space 21504K, 54% used [0x000000074a800000,0x000000074b3850f0,0x000000074bd00000)
Event: 9.098 GC heap after
Heap after GC invocations=8 (full 0):
 PSYoungGen      total 357376K, used 1392K [0x00000007c6f00000, 0x00000007dd200000, 0x0000000800000000)
  eden space 351232K, 0% used [0x00000007c6f00000,0x00000007c6f00000,0x00000007dc600000)
  from space 6144K, 22% used [0x00000007dcc00000,0x00000007dcd5c020,0x00000007dd200000)
  to   space 6144K, 0% used [0x00000007dc600000,0x00000007dc600000,0x00000007dcc00000)
 ParOldGen       total 116736K, used 2685K [0x0000000754e00000, 0x000000075c000000, 0x00000007c6f00000)
  object space 116736K, 2% used [0x0000000754e00000,0x000000075509f598,0x000000075c000000)
 PSPermGen       total 21504K, used 11796K [0x000000074a800000, 0x000000074bd00000, 0x0000000754e00000)
  object space 21504K, 54% used [0x000000074a800000,0x000000074b3850f0,0x000000074bd00000)
}
Event: 11.085 GC heap before
{Heap before GC invocations=9 (full 0):
 PSYoungGen      total 357376K, used 352624K [0x00000007c6f00000, 0x00000007dd200000, 0x0000000800000000)
  eden space 351232K, 100% used [0x00000007c6f00000,0x00000007dc600000,0x00000007dc600000)
  from space 6144K, 22% used [0x00000007dcc00000,0x00000007dcd5c020,0x00000007dd200000)
  to   space 6144K, 0% used [0x00000007dc600000,0x00000007dc600000,0x00000007dcc00000)
 ParOldGen       total 116736K, used 2685K [0x0000000754e00000, 0x000000075c000000, 0x00000007c6f00000)
  object space 116736K, 2% used [0x0000000754e00000,0x000000075509f598,0x000000075c000000)
 PSPermGen       total 21504K, used 11797K [0x000000074a800000, 0x000000074bd00000, 0x0000000754e00000)
  object space 21504K, 54% used [0x000000074a800000,0x000000074b385548,0x000000074bd00000)
Event: 11.092 GC heap after
Heap after GC invocations=9 (full 0):
 PSYoungGen      total 357376K, used 3492K [0x00000007c6f00000, 0x00000007ea000000, 0x0000000800000000)
  eden space 351232K, 0% used [0x00000007c6f00000,0x00000007c6f00000,0x00000007dc600000)
  from space 6144K, 56% used [0x00000007dc600000,0x00000007dc969050,0x00000007dcc00000)
  to   space 6144K, 0% used [0x00000007e9a00000,0x00000007e9a00000,0x00000007ea000000)
 ParOldGen       total 116736K, used 2693K [0x0000000754e00000, 0x000000075c000000, 0x00000007c6f00000)
  object space 116736K, 2% used [0x0000000754e00000,0x00000007550a1598,0x000000075c000000)
 PSPermGen       total 21504K, used 11797K [0x000000074a800000, 0x000000074bd00000, 0x0000000754e00000)
  object space 21504K, 54% used [0x000000074a800000,0x000000074b385548,0x000000074bd00000)
}
Event: 12.881 GC heap before
{Heap before GC invocations=10 (full 0):
 PSYoungGen      total 357376K, used 354724K [0x00000007c6f00000, 0x00000007ea000000, 0x0000000800000000)
  eden space 351232K, 100% used [0x00000007c6f00000,0x00000007dc600000,0x00000007dc600000)
  from space 6144K, 56% used [0x00000007dc600000,0x00000007dc969050,0x00000007dcc00000)
  to   space 6144K, 0% used [0x00000007e9a00000,0x00000007e9a00000,0x00000007ea000000)
 ParOldGen       total 116736K, used 2693K [0x0000000754e00000, 0x000000075c000000, 0x00000007c6f00000)
  object space 116736K, 2% used [0x0000000754e00000,0x00000007550a1598,0x000000075c000000)
 PSPermGen       total 21504K, used 11808K [0x000000074a800000, 0x000000074bd00000, 0x0000000754e00000)
  object space 21504K, 54% used [0x000000074a800000,0x000000074b3883d8,0x000000074bd00000)
Event: 12.888 GC heap after
Heap after GC invocations=10 (full 0):
 PSYoungGen      total 340480K, used 4156K [0x00000007c6f00000, 0x00000007e9e80000, 0x0000000800000000)
  eden space 335872K, 0% used [0x00000007c6f00000,0x00000007c6f00000,0x00000007db700000)
  from space 4608K, 90% used [0x00000007e9a00000,0x00000007e9e0f040,0x00000007e9e80000)
  to   space 6144K, 0% used [0x00000007e9280000,0x00000007e9280000,0x00000007e9880000)
 ParOldGen       total 116736K, used 3933K [0x0000000754e00000, 0x000000075c000000, 0x00000007c6f00000)
  object space 116736K, 3% used [0x0000000754e00000,0x00000007551d75b8,0x000000075c000000)
 PSPermGen       total 21504K, used 11808K [0x000000074a800000, 0x000000074bd00000, 0x0000000754e00000)
  object space 21504K, 54% used [0x000000074a800000,0x000000074b3883d8,0x000000074bd00000)
}

