# JRE version: OpenJDK Runtime Environment (7.0_101) (build 1.7.0_101-b00)
# Java VM: OpenJDK 64-Bit Server VM (24.95-b01 mixed mode linux-amd64 compressed oops)
Heap
 PSYoungGen      total 325120K, used 8786K [0x00000007c6f00000, 0x00000007e9b00000, 0x0000000800000000)
  eden space 322048K, 1% used [0x00000007c6f00000,0x00000007c750cbb0,0x00000007da980000)
  from space 3072K, 84% used [0x00000007e9400000,0x00000007e9688010,0x00000007e9700000)
  to   space 4096K, 0% used [0x00000007e9700000,0x00000007e9700000,0x00000007e9b00000)
 ParOldGen       total 116736K, used 5165K [0x0000000754e00000, 0x000000075c000000, 0x00000007c6f00000)
  object space 116736K, 4% used [0x0000000754e00000,0x000000075530b448,0x000000075c000000)
 PSPermGen       total 21504K, used 11710K [0x000000074a800000, 0x000000074bd00000, 0x0000000754e00000)
  object space 21504K, 54% used [0x000000074a800000,0x000000074b36f878,0x000000074bd00000)
GC Heap History (10 events):
Event: 8.027 GC heap before
{Heap before GC invocations=7 (full 0):
 PSYoungGen      total 180736K, used 178550K [0x00000007c6f00000, 0x00000007d2400000, 0x0000000800000000)
  eden space 176128K, 100% used [0x00000007c6f00000,0x00000007d1b00000,0x00000007d1b00000)
  from space 4608K, 52% used [0x00000007d1f80000,0x00000007d21dd830,0x00000007d2400000)
  to   space 4608K, 0% used [0x00000007d1b00000,0x00000007d1b00000,0x00000007d1f80000)
 ParOldGen       total 116736K, used 40K [0x0000000754e00000, 0x000000075c000000, 0x00000007c6f00000)
  object space 116736K, 0% used [0x0000000754e00000,0x0000000754e0a000,0x000000075c000000)
 PSPermGen       total 21504K, used 11678K [0x000000074a800000, 0x000000074bd00000, 0x0000000754e00000)
  object space 21504K, 54% used [0x000000074a800000,0x000000074b367858,0x000000074bd00000)
Event: 8.035 GC heap after
Heap after GC invocations=7 (full 0):
 PSYoungGen      total 180736K, used 160K [0x00000007c6f00000, 0x00000007dd100000, 0x0000000800000000)
  eden space 176128K, 0% used [0x00000007c6f00000,0x00000007c6f00000,0x00000007d1b00000)
  from space 4608K, 3% used [0x00000007d1b00000,0x00000007d1b28000,0x00000007d1f80000)
  to   space 5120K, 0% used [0x00000007dcc00000,0x00000007dcc00000,0x00000007dd100000)
 ParOldGen       total 116736K, used 2385K [0x0000000754e00000, 0x000000075c000000, 0x00000007c6f00000)
  object space 116736K, 2% used [0x0000000754e00000,0x0000000755054418,0x000000075c000000)
 PSPermGen       total 21504K, used 11678K [0x000000074a800000, 0x000000074bd00000, 0x0000000754e00000)
  object space 21504K, 54% used [0x000000074a800000,0x000000074b367858,0x000000074bd00000)
}
Event: 8.977 GC heap before
{Heap before GC invocations=8 (full 0):
 PSYoungGen      total 180736K, used 176288K [0x00000007c6f00000, 0x00000007dd100000, 0x0000000800000000)
  eden space 176128K, 100% used [0x00000007c6f00000,0x00000007d1b00000,0x00000007d1b00000)
  from space 4608K, 3% used [0x00000007d1b00000,0x00000007d1b28000,0x00000007d1f80000)
  to   space 5120K, 0% used [0x00000007dcc00000,0x00000007dcc00000,0x00000007dd100000)
 ParOldGen       total 116736K, used 2385K [0x0000000754e00000, 0x000000075c000000, 0x00000007c6f00000)
  object space 116736K, 2% used [0x0000000754e00000,0x0000000755054418,0x000000075c000000)
 PSPermGen       total 21504K, used 11695K [0x000000074a800000, 0x000000074bd00000, 0x0000000754e00000)
  object space 21504K, 54% used [0x000000074a800000,0x000000074b36bd20,0x000000074bd00000)
Event: 8.980 GC heap after
Heap after GC invocations=8 (full 0):
 PSYoungGen      total 357376K, used 996K [0x00000007c6f00000, 0x00000007dd100000, 0x0000000800000000)
  eden space 352256K, 0% used [0x00000007c6f00000,0x00000007c6f00000,0x00000007dc700000)
  from space 5120K, 19% used [0x00000007dcc00000,0x00000007dccf9010,0x00000007dd100000)
  to   space 5120K, 0% used [0x00000007dc700000,0x00000007dc700000,0x00000007dcc00000)
 ParOldGen       total 116736K, used 2393K [0x0000000754e00000, 0x000000075c000000, 0x00000007c6f00000)
  object space 116736K, 2% used [0x0000000754e00000,0x0000000755056418,0x000000075c000000)
 PSPermGen       total 21504K, used 11695K [0x000000074a800000, 0x000000074bd00000, 0x0000000754e00000)
  object space 21504K, 54% used [0x000000074a800000,0x000000074b36bd20,0x000000074bd00000)
}
Event: 10.676 GC heap before
{Heap before GC invocations=9 (full 0):
 PSYoungGen      total 357376K, used 353252K [0x00000007c6f00000, 0x00000007dd100000, 0x0000000800000000)
  eden space 352256K, 100% used [0x00000007c6f00000,0x00000007dc700000,0x00000007dc700000)
  from space 5120K, 19% used [0x00000007dcc00000,0x00000007dccf9010,0x00000007dd100000)
  to   space 5120K, 0% used [0x00000007dc700000,0x00000007dc700000,0x00000007dcc00000)
 ParOldGen       total 116736K, used 2393K [0x0000000754e00000, 0x000000075c000000, 0x00000007c6f00000)
  object space 116736K, 2% used [0x0000000754e00000,0x0000000755056418,0x000000075c000000)
 PSPermGen       total 21504K, used 11696K [0x000000074a800000, 0x000000074bd00000, 0x0000000754e00000)
  object space 21504K, 54% used [0x000000074a800000,0x000000074b36c050,0x000000074bd00000)
Event: 10.680 GC heap after
Heap after GC invocations=9 (full 0):
 PSYoungGen      total 357376K, used 2828K [0x00000007c6f00000, 0x00000007e9f80000, 0x0000000800000000)
  eden space 352256K, 0% used [0x00000007c6f00000,0x00000007c6f00000,0x00000007dc700000)
  from space 5120K, 55% used [0x00000007dc700000,0x00000007dc9c3030,0x00000007dcc00000)
  to   space 5120K, 0% used [0x00000007e9a80000,0x00000007e9a80000,0x00000007e9f80000)
 ParOldGen       total 116736K, used 2401K [0x0000000754e00000, 0x000000075c000000, 0x00000007c6f00000)
  object space 116736K, 2% used [0x0000000754e00000,0x0000000755058418,0x000000075c000000)
 PSPermGen       total 21504K, used 11696K [0x000000074a800000, 0x000000074bd00000, 0x0000000754e00000)
  object space 21504K, 54% used [0x000000074a800000,0x000000074b36c050,0x000000074bd00000)
}
Event: 12.392 GC heap before
{Heap before GC invocations=10 (full 0):
 PSYoungGen      total 357376K, used 355084K [0x00000007c6f00000, 0x00000007e9f80000, 0x0000000800000000)
  eden space 352256K, 100% used [0x00000007c6f00000,0x00000007dc700000,0x00000007dc700000)
  from space 5120K, 55% used [0x00000007dc700000,0x00000007dc9c3030,0x00000007dcc00000)
  to   space 5120K, 0% used [0x00000007e9a80000,0x00000007e9a80000,0x00000007e9f80000)
 ParOldGen       total 116736K, used 2401K [0x0000000754e00000, 0x000000075c000000, 0x00000007c6f00000)
  object space 116736K, 2% used [0x0000000754e00000,0x0000000755058418,0x000000075c000000)
 PSPermGen       total 21504K, used 11701K [0x000000074a800000, 0x000000074bd00000, 0x0000000754e00000)
  object space 21504K, 54% used [0x000000074a800000,0x000000074b36d418,0x000000074bd00000)
Event: 12.397 GC heap after
Heap after GC invocations=10 (full 0):
 PSYoungGen      total 340480K, used 3556K [0x00000007c6f00000, 0x00000007e9e00000, 0x0000000800000000)
  eden space 336896K, 0% used [0x00000007c6f00000,0x00000007c6f00000,0x00000007db800000)
  from space 3584K, 99% used [0x00000007e9a80000,0x00000007e9df9020,0x00000007e9e00000)
  to   space 5120K, 0% used [0x00000007e9400000,0x00000007e9400000,0x00000007e9900000)
 ParOldGen       total 116736K, used 3333K [0x0000000754e00000, 0x000000075c000000, 0x00000007c6f00000)
  object space 116736K, 2% used [0x0000000754e00000,0x0000000755141428,0x000000075c000000)
 PSPermGen       total 21504K, used 11701K [0x000000074a800000, 0x000000074bd00000, 0x0000000754e00000)
  object space 21504K, 54% used [0x000000074a800000,0x000000074b36d418,0x000000074bd00000)
}
Event: 13.987 GC heap before
{Heap before GC invocations=11 (full 0):
 PSYoungGen      total 340480K, used 340452K [0x00000007c6f00000, 0x00000007e9e00000, 0x0000000800000000)
  eden space 336896K, 100% used [0x00000007c6f00000,0x00000007db800000,0x00000007db800000)
  from space 3584K, 99% used [0x00000007e9a80000,0x00000007e9df9020,0x00000007e9e00000)
  to   space 5120K, 0% used [0x00000007e9400000,0x00000007e9400000,0x00000007e9900000)
 ParOldGen       total 116736K, used 3333K [0x0000000754e00000, 0x000000075c000000, 0x00000007c6f00000)
  object space 116736K, 2% used [0x0000000754e00000,0x0000000755141428,0x000000075c000000)
 PSPermGen       total 21504K, used 11710K [0x000000074a800000, 0x000000074bd00000, 0x0000000754e00000)
  object space 21504K, 54% used [0x000000074a800000,0x000000074b36f878,0x000000074bd00000)
Event: 13.993 GC heap after
Heap after GC invocations=11 (full 0):
 PSYoungGen      total 325120K, used 2592K [0x00000007c6f00000, 0x00000007e9b00000, 0x0000000800000000)
  eden space 322048K, 0% used [0x00000007c6f00000,0x00000007c6f00000,0x00000007da980000)
  from space 3072K, 84% used [0x00000007e9400000,0x00000007e9688010,0x00000007e9700000)
  to   space 4096K, 0% used [0x00000007e9700000,0x00000007e9700000,0x00000007e9b00000)
 ParOldGen       total 116736K, used 5165K [0x0000000754e00000, 0x000000075c000000, 0x00000007c6f00000)
  object space 116736K, 4% used [0x0000000754e00000,0x000000075530b448,0x000000075c000000)
 PSPermGen       total 21504K, used 11710K [0x000000074a800000, 0x000000074bd00000, 0x0000000754e00000)
  object space 21504K, 54% used [0x000000074a800000,0x000000074b36f878,0x000000074bd00000)
}

