# JRE version: OpenJDK Runtime Environment (8.0_212-b03) (build 1.8.0_212-8u212-b03-0ubuntu1.16.04.1-b03)
# Java VM: OpenJDK 64-Bit Server VM (25.212-b03 mixed mode linux-amd64 compressed oops)
Heap:
 PSYoungGen      total 51200K, used 35227K [0x0000000786f80000, 0x000000078a880000, 0x00000007c0000000)
  eden space 44032K, 80% used [0x0000000786f80000,0x00000007891e6e08,0x0000000789a80000)
  from space 7168K, 0% used [0x0000000789a80000,0x0000000789a80000,0x000000078a180000)
  to   space 7168K, 0% used [0x000000078a180000,0x000000078a180000,0x000000078a880000)
 ParOldGen       total 117760K, used 2619K [0x0000000714e00000, 0x000000071c100000, 0x0000000786f80000)
  object space 117760K, 2% used [0x0000000714e00000,0x000000071508ef90,0x000000071c100000)
 Metaspace       used 10948K, capacity 11150K, committed 11392K, reserved 1058816K
  class space    used 1190K, capacity 1290K, committed 1408K, reserved 1048576K
GC Heap History (10 events):
Event: 2.458 GC heap before
{Heap before GC invocations=17 (full 8):
 PSYoungGen      total 51200K, used 128K [0x0000000786f80000, 0x000000078a880000, 0x00000007c0000000)
  eden space 44032K, 0% used [0x0000000786f80000,0x0000000786f80000,0x0000000789a80000)
  from space 7168K, 1% used [0x0000000789a80000,0x0000000789aa0000,0x000000078a180000)
  to   space 7168K, 0% used [0x000000078a180000,0x000000078a180000,0x000000078a880000)
 ParOldGen       total 117760K, used 2619K [0x0000000714e00000, 0x000000071c100000, 0x0000000786f80000)
  object space 117760K, 2% used [0x0000000714e00000,0x000000071508ecc0,0x000000071c100000)
 Metaspace       used 10947K, capacity 11150K, committed 11392K, reserved 1058816K
  class space    used 1190K, capacity 1290K, committed 1408K, reserved 1048576K
Event: 2.472 GC heap after
Heap after GC invocations=17 (full 8):
 PSYoungGen      total 51200K, used 0K [0x0000000786f80000, 0x000000078a880000, 0x00000007c0000000)
  eden space 44032K, 0% used [0x0000000786f80000,0x0000000786f80000,0x0000000789a80000)
  from space 7168K, 0% used [0x0000000789a80000,0x0000000789a80000,0x000000078a180000)
  to   space 7168K, 0% used [0x000000078a180000,0x000000078a180000,0x000000078a880000)
 ParOldGen       total 117760K, used 2624K [0x0000000714e00000, 0x000000071c100000, 0x0000000786f80000)
  object space 117760K, 2% used [0x0000000714e00000,0x00000007150902d8,0x000000071c100000)
 Metaspace       used 10947K, capacity 11150K, committed 11392K, reserved 1058816K
  class space    used 1190K, capacity 1290K, committed 1408K, reserved 1048576K
}
Event: 2.672 GC heap before
{Heap before GC invocations=18 (full 8):
 PSYoungGen      total 51200K, used 34575K [0x0000000786f80000, 0x000000078a880000, 0x00000007c0000000)
  eden space 44032K, 78% used [0x0000000786f80000,0x0000000789143cd8,0x0000000789a80000)
  from space 7168K, 0% used [0x0000000789a80000,0x0000000789a80000,0x000000078a180000)
  to   space 7168K, 0% used [0x000000078a180000,0x000000078a180000,0x000000078a880000)
 ParOldGen       total 117760K, used 2624K [0x0000000714e00000, 0x000000071c100000, 0x0000000786f80000)
  object space 117760K, 2% used [0x0000000714e00000,0x00000007150902d8,0x000000071c100000)
 Metaspace       used 10947K, capacity 11150K, committed 11392K, reserved 1058816K
  class space    used 1190K, capacity 1290K, committed 1408K, reserved 1048576K
Event: 2.673 GC heap after
Heap after GC invocations=18 (full 8):
 PSYoungGen      total 51200K, used 64K [0x0000000786f80000, 0x000000078a880000, 0x00000007c0000000)
  eden space 44032K, 0% used [0x0000000786f80000,0x0000000786f80000,0x0000000789a80000)
  from space 7168K, 0% used [0x000000078a180000,0x000000078a190000,0x000000078a880000)
  to   space 7168K, 0% used [0x0000000789a80000,0x0000000789a80000,0x000000078a180000)
 ParOldGen       total 117760K, used 2632K [0x0000000714e00000, 0x000000071c100000, 0x0000000786f80000)
  object space 117760K, 2% used [0x0000000714e00000,0x00000007150922d8,0x000000071c100000)
 Metaspace       used 10947K, capacity 11150K, committed 11392K, reserved 1058816K
  class space    used 1190K, capacity 1290K, committed 1408K, reserved 1048576K
}
Event: 2.673 GC heap before
{Heap before GC invocations=19 (full 9):
 PSYoungGen      total 51200K, used 64K [0x0000000786f80000, 0x000000078a880000, 0x00000007c0000000)
  eden space 44032K, 0% used [0x0000000786f80000,0x0000000786f80000,0x0000000789a80000)
  from space 7168K, 0% used [0x000000078a180000,0x000000078a190000,0x000000078a880000)
  to   space 7168K, 0% used [0x0000000789a80000,0x0000000789a80000,0x000000078a180000)
 ParOldGen       total 117760K, used 2632K [0x0000000714e00000, 0x000000071c100000, 0x0000000786f80000)
  object space 117760K, 2% used [0x0000000714e00000,0x00000007150922d8,0x000000071c100000)
 Metaspace       used 10947K, capacity 11150K, committed 11392K, reserved 1058816K
  class space    used 1190K, capacity 1290K, committed 1408K, reserved 1048576K
Event: 2.686 GC heap after
Heap after GC invocations=19 (full 9):
 PSYoungGen      total 51200K, used 0K [0x0000000786f80000, 0x000000078a880000, 0x00000007c0000000)
  eden space 44032K, 0% used [0x0000000786f80000,0x0000000786f80000,0x0000000789a80000)
  from space 7168K, 0% used [0x000000078a180000,0x000000078a180000,0x000000078a880000)
  to   space 7168K, 0% used [0x0000000789a80000,0x0000000789a80000,0x000000078a180000)
 ParOldGen       total 117760K, used 2619K [0x0000000714e00000, 0x000000071c100000, 0x0000000786f80000)
  object space 117760K, 2% used [0x0000000714e00000,0x000000071508ed10,0x000000071c100000)
 Metaspace       used 10947K, capacity 11150K, committed 11392K, reserved 1058816K
  class space    used 1190K, capacity 1290K, committed 1408K, reserved 1048576K
}
Event: 2.874 GC heap before
{Heap before GC invocations=20 (full 9):
 PSYoungGen      total 51200K, used 34003K [0x0000000786f80000, 0x000000078a880000, 0x00000007c0000000)
  eden space 44032K, 77% used [0x0000000786f80000,0x00000007890b4ea0,0x0000000789a80000)
  from space 7168K, 0% used [0x000000078a180000,0x000000078a180000,0x000000078a880000)
  to   space 7168K, 0% used [0x0000000789a80000,0x0000000789a80000,0x000000078a180000)
 ParOldGen       total 117760K, used 2619K [0x0000000714e00000, 0x000000071c100000, 0x0000000786f80000)
  object space 117760K, 2% used [0x0000000714e00000,0x000000071508ed10,0x000000071c100000)
 Metaspace       used 10948K, capacity 11150K, committed 11392K, reserved 1058816K
  class space    used 1190K, capacity 1290K, committed 1408K, reserved 1048576K
Event: 2.875 GC heap after
Heap after GC invocations=20 (full 9):
 PSYoungGen      total 51200K, used 96K [0x0000000786f80000, 0x000000078a880000, 0x00000007c0000000)
  eden space 44032K, 0% used [0x0000000786f80000,0x0000000786f80000,0x0000000789a80000)
  from space 7168K, 1% used [0x0000000789a80000,0x0000000789a98000,0x000000078a180000)
  to   space 7168K, 0% used [0x000000078a180000,0x000000078a180000,0x000000078a880000)
 ParOldGen       total 117760K, used 2619K [0x0000000714e00000, 0x000000071c100000, 0x0000000786f80000)
  object space 117760K, 2% used [0x0000000714e00000,0x000000071508ed10,0x000000071c100000)
 Metaspace       used 10948K, capacity 11150K, committed 11392K, reserved 1058816K
  class space    used 1190K, capacity 1290K, committed 1408K, reserved 1048576K
}
Event: 2.875 GC heap before
{Heap before GC invocations=21 (full 10):
 PSYoungGen      total 51200K, used 96K [0x0000000786f80000, 0x000000078a880000, 0x00000007c0000000)
  eden space 44032K, 0% used [0x0000000786f80000,0x0000000786f80000,0x0000000789a80000)
  from space 7168K, 1% used [0x0000000789a80000,0x0000000789a98000,0x000000078a180000)
  to   space 7168K, 0% used [0x000000078a180000,0x000000078a180000,0x000000078a880000)
 ParOldGen       total 117760K, used 2619K [0x0000000714e00000, 0x000000071c100000, 0x0000000786f80000)
  object space 117760K, 2% used [0x0000000714e00000,0x000000071508ed10,0x000000071c100000)
 Metaspace       used 10948K, capacity 11150K, committed 11392K, reserved 1058816K
  class space    used 1190K, capacity 1290K, committed 1408K, reserved 1048576K
Event: 2.886 GC heap after
Heap after GC invocations=21 (full 10):
 PSYoungGen      total 51200K, used 0K [0x0000000786f80000, 0x000000078a880000, 0x00000007c0000000)
  eden space 44032K, 0% used [0x0000000786f80000,0x0000000786f80000,0x0000000789a80000)
  from space 7168K, 0% used [0x0000000789a80000,0x0000000789a80000,0x000000078a180000)
  to   space 7168K, 0% used [0x000000078a180000,0x000000078a180000,0x000000078a880000)
 ParOldGen       total 117760K, used 2619K [0x0000000714e00000, 0x000000071c100000, 0x0000000786f80000)
  object space 117760K, 2% used [0x0000000714e00000,0x000000071508ef90,0x000000071c100000)
 Metaspace       used 10948K, capacity 11150K, committed 11392K, reserved 1058816K
  class space    used 1190K, capacity 1290K, committed 1408K, reserved 1048576K
}

