# JRE version: OpenJDK Runtime Environment (8.0_212-b03) (build 1.8.0_212-8u212-b03-0ubuntu1.16.04.1-b03)
# Java VM: OpenJDK 64-Bit Server VM (25.212-b03 mixed mode linux-amd64 compressed oops)
Heap:
 PSYoungGen      total 182784K, used 180652K [0x0000000786f80000, 0x0000000792880000, 0x00000007c0000000)
  eden space 176128K, 100% used [0x0000000786f80000,0x0000000791b80000,0x0000000791b80000)
  from space 6656K, 67% used [0x0000000792200000,0x000000079266b050,0x0000000792880000)
  to   space 6656K, 37% used [0x0000000791b80000,0x0000000791df0010,0x0000000792200000)
 ParOldGen       total 117760K, used 2262K [0x0000000714e00000, 0x000000071c100000, 0x0000000786f80000)
  object space 117760K, 1% used [0x0000000714e00000,0x00000007150358a0,0x000000071c100000)
 Metaspace       used 10958K, capacity 11150K, committed 11392K, reserved 1058816K
  class space    used 1196K, capacity 1290K, committed 1408K, reserved 1048576K
GC Heap History (10 events):
Event: 1.181 GC heap after
Heap after GC invocations=2 (full 0):
 PSYoungGen      total 51200K, used 5978K [0x0000000786f80000, 0x000000078d380000, 0x00000007c0000000)
  eden space 44032K, 0% used [0x0000000786f80000,0x0000000786f80000,0x0000000789a80000)
  from space 7168K, 83% used [0x000000078a180000,0x000000078a756850,0x000000078a880000)
  to   space 7168K, 0% used [0x0000000789a80000,0x0000000789a80000,0x000000078a180000)
 ParOldGen       total 117760K, used 16K [0x0000000714e00000, 0x000000071c100000, 0x0000000786f80000)
  object space 117760K, 0% used [0x0000000714e00000,0x0000000714e04000,0x000000071c100000)
 Metaspace       used 10944K, capacity 11150K, committed 11392K, reserved 1058816K
  class space    used 1196K, capacity 1290K, committed 1408K, reserved 1048576K
}
Event: 1.525 GC heap before
{Heap before GC invocations=3 (full 0):
 PSYoungGen      total 51200K, used 50010K [0x0000000786f80000, 0x000000078d380000, 0x00000007c0000000)
  eden space 44032K, 100% used [0x0000000786f80000,0x0000000789a80000,0x0000000789a80000)
  from space 7168K, 83% used [0x000000078a180000,0x000000078a756850,0x000000078a880000)
  to   space 7168K, 0% used [0x0000000789a80000,0x0000000789a80000,0x000000078a180000)
 ParOldGen       total 117760K, used 16K [0x0000000714e00000, 0x000000071c100000, 0x0000000786f80000)
  object space 117760K, 0% used [0x0000000714e00000,0x0000000714e04000,0x000000071c100000)
 Metaspace       used 10945K, capacity 11150K, committed 11392K, reserved 1058816K
  class space    used 1196K, capacity 1290K, committed 1408K, reserved 1048576K
Event: 1.529 GC heap after
Heap after GC invocations=3 (full 0):
 PSYoungGen      total 51200K, used 2726K [0x0000000786f80000, 0x000000078d380000, 0x00000007c0000000)
  eden space 44032K, 0% used [0x0000000786f80000,0x0000000786f80000,0x0000000789a80000)
  from space 7168K, 38% used [0x0000000789a80000,0x0000000789d29840,0x000000078a180000)
  to   space 7168K, 0% used [0x000000078cc80000,0x000000078cc80000,0x000000078d380000)
 ParOldGen       total 117760K, used 16K [0x0000000714e00000, 0x000000071c100000, 0x0000000786f80000)
  object space 117760K, 0% used [0x0000000714e00000,0x0000000714e04000,0x000000071c100000)
 Metaspace       used 10945K, capacity 11150K, committed 11392K, reserved 1058816K
  class space    used 1196K, capacity 1290K, committed 1408K, reserved 1048576K
}
Event: 1.791 GC heap before
{Heap before GC invocations=4 (full 0):
 PSYoungGen      total 51200K, used 46758K [0x0000000786f80000, 0x000000078d380000, 0x00000007c0000000)
  eden space 44032K, 100% used [0x0000000786f80000,0x0000000789a80000,0x0000000789a80000)
  from space 7168K, 38% used [0x0000000789a80000,0x0000000789d29840,0x000000078a180000)
  to   space 7168K, 0% used [0x000000078cc80000,0x000000078cc80000,0x000000078d380000)
 ParOldGen       total 117760K, used 16K [0x0000000714e00000, 0x000000071c100000, 0x0000000786f80000)
  object space 117760K, 0% used [0x0000000714e00000,0x0000000714e04000,0x000000071c100000)
 Metaspace       used 10949K, capacity 11150K, committed 11392K, reserved 1058816K
  class space    used 1196K, capacity 1290K, committed 1408K, reserved 1048576K
Event: 1.797 GC heap after
Heap after GC invocations=4 (full 0):
 PSYoungGen      total 95232K, used 2708K [0x0000000786f80000, 0x000000078d380000, 0x00000007c0000000)
  eden space 88064K, 0% used [0x0000000786f80000,0x0000000786f80000,0x000000078c580000)
  from space 7168K, 37% used [0x000000078cc80000,0x000000078cf25020,0x000000078d380000)
  to   space 7168K, 0% used [0x000000078c580000,0x000000078c580000,0x000000078cc80000)
 ParOldGen       total 117760K, used 24K [0x0000000714e00000, 0x000000071c100000, 0x0000000786f80000)
  object space 117760K, 0% used [0x0000000714e00000,0x0000000714e06000,0x000000071c100000)
 Metaspace       used 10949K, capacity 11150K, committed 11392K, reserved 1058816K
  class space    used 1196K, capacity 1290K, committed 1408K, reserved 1048576K
}
Event: 2.298 GC heap before
{Heap before GC invocations=5 (full 0):
 PSYoungGen      total 95232K, used 90772K [0x0000000786f80000, 0x000000078d380000, 0x00000007c0000000)
  eden space 88064K, 100% used [0x0000000786f80000,0x000000078c580000,0x000000078c580000)
  from space 7168K, 37% used [0x000000078cc80000,0x000000078cf25020,0x000000078d380000)
  to   space 7168K, 0% used [0x000000078c580000,0x000000078c580000,0x000000078cc80000)
 ParOldGen       total 117760K, used 24K [0x0000000714e00000, 0x000000071c100000, 0x0000000786f80000)
  object space 117760K, 0% used [0x0000000714e00000,0x0000000714e06000,0x000000071c100000)
 Metaspace       used 10949K, capacity 11150K, committed 11392K, reserved 1058816K
  class space    used 1196K, capacity 1290K, committed 1408K, reserved 1048576K
Event: 2.304 GC heap after
Heap after GC invocations=5 (full 0):
 PSYoungGen      total 95232K, used 4526K [0x0000000786f80000, 0x0000000792880000, 0x00000007c0000000)
  eden space 88064K, 0% used [0x0000000786f80000,0x0000000786f80000,0x000000078c580000)
  from space 7168K, 63% used [0x000000078c580000,0x000000078c9eb860,0x000000078cc80000)
  to   space 6656K, 0% used [0x0000000792200000,0x0000000792200000,0x0000000792880000)
 ParOldGen       total 117760K, used 24K [0x0000000714e00000, 0x000000071c100000, 0x0000000786f80000)
  object space 117760K, 0% used [0x0000000714e00000,0x0000000714e06000,0x000000071c100000)
 Metaspace       used 10949K, capacity 11150K, committed 11392K, reserved 1058816K
  class space    used 1196K, capacity 1290K, committed 1408K, reserved 1048576K
}
Event: 2.758 GC heap before
{Heap before GC invocations=6 (full 0):
 PSYoungGen      total 95232K, used 92100K [0x0000000786f80000, 0x0000000792880000, 0x00000007c0000000)
  eden space 88064K, 99% used [0x0000000786f80000,0x000000078c505840,0x000000078c580000)
  from space 7168K, 63% used [0x000000078c580000,0x000000078c9eb860,0x000000078cc80000)
  to   space 6656K, 0% used [0x0000000792200000,0x0000000792200000,0x0000000792880000)
 ParOldGen       total 117760K, used 24K [0x0000000714e00000, 0x000000071c100000, 0x0000000786f80000)
  object space 117760K, 0% used [0x0000000714e00000,0x0000000714e06000,0x000000071c100000)
 Metaspace       used 10955K, capacity 11150K, committed 11392K, reserved 1058816K
  class space    used 1196K, capacity 1290K, committed 1408K, reserved 1048576K
Event: 2.765 GC heap after
Heap after GC invocations=6 (full 0):
 PSYoungGen      total 182784K, used 4524K [0x0000000786f80000, 0x0000000792880000, 0x00000007c0000000)
  eden space 176128K, 0% used [0x0000000786f80000,0x0000000786f80000,0x0000000791b80000)
  from space 6656K, 67% used [0x0000000792200000,0x000000079266b050,0x0000000792880000)
  to   space 6656K, 0% used [0x0000000791b80000,0x0000000791b80000,0x0000000792200000)
 ParOldGen       total 117760K, used 32K [0x0000000714e00000, 0x000000071c100000, 0x0000000786f80000)
  object space 117760K, 0% used [0x0000000714e00000,0x0000000714e08000,0x000000071c100000)
 Metaspace       used 10955K, capacity 11150K, committed 11392K, reserved 1058816K
  class space    used 1196K, capacity 1290K, committed 1408K, reserved 1048576K
}
Event: 3.793 GC heap before
{Heap before GC invocations=7 (full 0):
 PSYoungGen      total 182784K, used 180652K [0x0000000786f80000, 0x0000000792880000, 0x00000007c0000000)
  eden space 176128K, 100% used [0x0000000786f80000,0x0000000791b80000,0x0000000791b80000)
  from space 6656K, 67% used [0x0000000792200000,0x000000079266b050,0x0000000792880000)
  to   space 6656K, 0% used [0x0000000791b80000,0x0000000791b80000,0x0000000792200000)
 ParOldGen       total 117760K, used 32K [0x0000000714e00000, 0x000000071c100000, 0x0000000786f80000)
  object space 117760K, 0% used [0x0000000714e00000,0x0000000714e08000,0x000000071c100000)
 Metaspace       used 10958K, capacity 11150K, committed 11392K, reserved 1058816K
  class space    used 1196K, capacity 1290K, committed 1408K, reserved 1048576K

