# JRE version: OpenJDK Runtime Environment (8.0_212-b03) (build 1.8.0_212-8u212-b03-0ubuntu1.16.04.1-b03)
# Java VM: OpenJDK 64-Bit Server VM (25.212-b03 mixed mode linux-amd64 compressed oops)
Heap:
 PSYoungGen      total 181760K, used 171648K [0x0000000786f80000, 0x0000000792680000, 0x00000007c0000000)
  eden space 176128K, 95% used [0x0000000786f80000,0x000000079147eb18,0x0000000791b80000)
  from space 5632K, 47% used [0x0000000792100000,0x00000007923a1840,0x0000000792680000)
  to   space 5632K, 0% used [0x0000000791b80000,0x0000000791b80000,0x0000000792100000)
 ParOldGen       total 117760K, used 24K [0x0000000714e00000, 0x000000071c100000, 0x0000000786f80000)
  object space 117760K, 0% used [0x0000000714e00000,0x0000000714e06000,0x000000071c100000)
 Metaspace       used 10980K, capacity 11202K, committed 11392K, reserved 1058816K
  class space    used 1195K, capacity 1290K, committed 1408K, reserved 1048576K
GC Heap History (10 events):
Event: 1.062 GC heap before
{Heap before GC invocations=2 (full 0):
 PSYoungGen      total 51200K, used 47692K [0x0000000786f80000, 0x000000078a880000, 0x00000007c0000000)
  eden space 44032K, 100% used [0x0000000786f80000,0x0000000789a80000,0x0000000789a80000)
  from space 7168K, 51% used [0x0000000789a80000,0x0000000789e13380,0x000000078a180000)
  to   space 7168K, 0% used [0x000000078a180000,0x000000078a180000,0x000000078a880000)
 ParOldGen       total 117760K, used 8K [0x0000000714e00000, 0x000000071c100000, 0x0000000786f80000)
  object space 117760K, 0% used [0x0000000714e00000,0x0000000714e02000,0x000000071c100000)
 Metaspace       used 10946K, capacity 11202K, committed 11392K, reserved 1058816K
  class space    used 1190K, capacity 1290K, committed 1408K, reserved 1048576K
Event: 1.067 GC heap after
Heap after GC invocations=2 (full 0):
 PSYoungGen      total 51200K, used 5126K [0x0000000786f80000, 0x000000078d380000, 0x00000007c0000000)
  eden space 44032K, 0% used [0x0000000786f80000,0x0000000786f80000,0x0000000789a80000)
  from space 7168K, 71% used [0x000000078a180000,0x000000078a681850,0x000000078a880000)
  to   space 7168K, 0% used [0x0000000789a80000,0x0000000789a80000,0x000000078a180000)
 ParOldGen       total 117760K, used 8K [0x0000000714e00000, 0x000000071c100000, 0x0000000786f80000)
  object space 117760K, 0% used [0x0000000714e00000,0x0000000714e02000,0x000000071c100000)
 Metaspace       used 10946K, capacity 11202K, committed 11392K, reserved 1058816K
  class space    used 1190K, capacity 1290K, committed 1408K, reserved 1048576K
}
Event: 1.394 GC heap before
{Heap before GC invocations=3 (full 0):
 PSYoungGen      total 51200K, used 49158K [0x0000000786f80000, 0x000000078d380000, 0x00000007c0000000)
  eden space 44032K, 100% used [0x0000000786f80000,0x0000000789a80000,0x0000000789a80000)
  from space 7168K, 71% used [0x000000078a180000,0x000000078a681850,0x000000078a880000)
  to   space 7168K, 0% used [0x0000000789a80000,0x0000000789a80000,0x000000078a180000)
 ParOldGen       total 117760K, used 8K [0x0000000714e00000, 0x000000071c100000, 0x0000000786f80000)
  object space 117760K, 0% used [0x0000000714e00000,0x0000000714e02000,0x000000071c100000)
 Metaspace       used 10947K, capacity 11202K, committed 11392K, reserved 1058816K
  class space    used 1190K, capacity 1290K, committed 1408K, reserved 1048576K
Event: 1.401 GC heap after
Heap after GC invocations=3 (full 0):
 PSYoungGen      total 51200K, used 3608K [0x0000000786f80000, 0x000000078d380000, 0x00000007c0000000)
  eden space 44032K, 0% used [0x0000000786f80000,0x0000000786f80000,0x0000000789a80000)
  from space 7168K, 50% used [0x0000000789a80000,0x0000000789e06030,0x000000078a180000)
  to   space 7168K, 0% used [0x000000078cc80000,0x000000078cc80000,0x000000078d380000)
 ParOldGen       total 117760K, used 8K [0x0000000714e00000, 0x000000071c100000, 0x0000000786f80000)
  object space 117760K, 0% used [0x0000000714e00000,0x0000000714e02000,0x000000071c100000)
 Metaspace       used 10947K, capacity 11202K, committed 11392K, reserved 1058816K
  class space    used 1190K, capacity 1290K, committed 1408K, reserved 1048576K
}
Event: 1.664 GC heap before
{Heap before GC invocations=4 (full 0):
 PSYoungGen      total 51200K, used 47640K [0x0000000786f80000, 0x000000078d380000, 0x00000007c0000000)
  eden space 44032K, 100% used [0x0000000786f80000,0x0000000789a80000,0x0000000789a80000)
  from space 7168K, 50% used [0x0000000789a80000,0x0000000789e06030,0x000000078a180000)
  to   space 7168K, 0% used [0x000000078cc80000,0x000000078cc80000,0x000000078d380000)
 ParOldGen       total 117760K, used 8K [0x0000000714e00000, 0x000000071c100000, 0x0000000786f80000)
  object space 117760K, 0% used [0x0000000714e00000,0x0000000714e02000,0x000000071c100000)
 Metaspace       used 10949K, capacity 11202K, committed 11392K, reserved 1058816K
  class space    used 1190K, capacity 1290K, committed 1408K, reserved 1048576K
Event: 1.669 GC heap after
Heap after GC invocations=4 (full 0):
 PSYoungGen      total 95232K, used 2710K [0x0000000786f80000, 0x000000078d380000, 0x00000007c0000000)
  eden space 88064K, 0% used [0x0000000786f80000,0x0000000786f80000,0x000000078c580000)
  from space 7168K, 37% used [0x000000078cc80000,0x000000078cf25850,0x000000078d380000)
  to   space 7168K, 0% used [0x000000078c580000,0x000000078c580000,0x000000078cc80000)
 ParOldGen       total 117760K, used 16K [0x0000000714e00000, 0x000000071c100000, 0x0000000786f80000)
  object space 117760K, 0% used [0x0000000714e00000,0x0000000714e04000,0x000000071c100000)
 Metaspace       used 10949K, capacity 11202K, committed 11392K, reserved 1058816K
  class space    used 1190K, capacity 1290K, committed 1408K, reserved 1048576K
}
Event: 2.175 GC heap before
{Heap before GC invocations=5 (full 0):
 PSYoungGen      total 95232K, used 90774K [0x0000000786f80000, 0x000000078d380000, 0x00000007c0000000)
  eden space 88064K, 100% used [0x0000000786f80000,0x000000078c580000,0x000000078c580000)
  from space 7168K, 37% used [0x000000078cc80000,0x000000078cf25850,0x000000078d380000)
  to   space 7168K, 0% used [0x000000078c580000,0x000000078c580000,0x000000078cc80000)
 ParOldGen       total 117760K, used 16K [0x0000000714e00000, 0x000000071c100000, 0x0000000786f80000)
  object space 117760K, 0% used [0x0000000714e00000,0x0000000714e04000,0x000000071c100000)
 Metaspace       used 10949K, capacity 11202K, committed 11392K, reserved 1058816K
  class space    used 1190K, capacity 1290K, committed 1408K, reserved 1048576K
Event: 2.179 GC heap after
Heap after GC invocations=5 (full 0):
 PSYoungGen      total 95232K, used 2678K [0x0000000786f80000, 0x0000000792680000, 0x00000007c0000000)
  eden space 88064K, 0% used [0x0000000786f80000,0x0000000786f80000,0x000000078c580000)
  from space 7168K, 37% used [0x000000078c580000,0x000000078c81d850,0x000000078cc80000)
  to   space 5632K, 0% used [0x0000000792100000,0x0000000792100000,0x0000000792680000)
 ParOldGen       total 117760K, used 16K [0x0000000714e00000, 0x000000071c100000, 0x0000000786f80000)
  object space 117760K, 0% used [0x0000000714e00000,0x0000000714e04000,0x000000071c100000)
 Metaspace       used 10949K, capacity 11202K, committed 11392K, reserved 1058816K
  class space    used 1190K, capacity 1290K, committed 1408K, reserved 1048576K
}
Event: 2.635 GC heap before
{Heap before GC invocations=6 (full 0):
 PSYoungGen      total 95232K, used 90252K [0x0000000786f80000, 0x0000000792680000, 0x00000007c0000000)
  eden space 88064K, 99% used [0x0000000786f80000,0x000000078c505840,0x000000078c580000)
  from space 7168K, 37% used [0x000000078c580000,0x000000078c81d850,0x000000078cc80000)
  to   space 5632K, 0% used [0x0000000792100000,0x0000000792100000,0x0000000792680000)
 ParOldGen       total 117760K, used 16K [0x0000000714e00000, 0x000000071c100000, 0x0000000786f80000)
  object space 117760K, 0% used [0x0000000714e00000,0x0000000714e04000,0x000000071c100000)
 Metaspace       used 10953K, capacity 11202K, committed 11392K, reserved 1058816K
  class space    used 1190K, capacity 1290K, committed 1408K, reserved 1048576K
Event: 2.640 GC heap after
Heap after GC invocations=6 (full 0):
 PSYoungGen      total 181760K, used 2694K [0x0000000786f80000, 0x0000000792680000, 0x00000007c0000000)
  eden space 176128K, 0% used [0x0000000786f80000,0x0000000786f80000,0x0000000791b80000)
  from space 5632K, 47% used [0x0000000792100000,0x00000007923a1840,0x0000000792680000)
  to   space 5632K, 0% used [0x0000000791b80000,0x0000000791b80000,0x0000000792100000)
 ParOldGen       total 117760K, used 24K [0x0000000714e00000, 0x000000071c100000, 0x0000000786f80000)
  object space 117760K, 0% used [0x0000000714e00000,0x0000000714e06000,0x000000071c100000)
 Metaspace       used 10953K, capacity 11202K, committed 11392K, reserved 1058816K
  class space    used 1190K, capacity 1290K, committed 1408K, reserved 1048576K
}

