# JRE version: OpenJDK Runtime Environment (8.0_212-b03) (build 1.8.0_212-8u212-b03-0ubuntu1.16.04.1-b03)
# Java VM: OpenJDK 64-Bit Server VM (25.212-b03 mixed mode linux-amd64 compressed oops)
Heap:
 PSYoungGen      total 51200K, used 128K [0x0000000786f80000, 0x000000078a880000, 0x00000007c0000000)
  eden space 44032K, 0% used [0x0000000786f80000,0x0000000786f80000,0x0000000789a80000)
  from space 7168K, 1% used [0x000000078a180000,0x000000078a1a0000,0x000000078a880000)
  to   space 7168K, 0% used [0x0000000789a80000,0x0000000789a80000,0x000000078a180000)
 ParOldGen       total 117760K, used 2620K [0x0000000714e00000, 0x000000071c100000, 0x0000000786f80000)
  object space 117760K, 2% used [0x0000000714e00000,0x000000071508f370,0x000000071c100000)
 Metaspace       used 10955K, capacity 11202K, committed 11392K, reserved 1058816K
  class space    used 1192K, capacity 1290K, committed 1408K, reserved 1048576K
GC Heap History (10 events):
Event: 2.746 GC heap after
Heap after GC invocations=18 (full 8):
 PSYoungGen      total 51200K, used 96K [0x0000000786f80000, 0x000000078a880000, 0x00000007c0000000)
  eden space 44032K, 0% used [0x0000000786f80000,0x0000000786f80000,0x0000000789a80000)
  from space 7168K, 1% used [0x000000078a180000,0x000000078a198000,0x000000078a880000)
  to   space 7168K, 0% used [0x0000000789a80000,0x0000000789a80000,0x000000078a180000)
 ParOldGen       total 117760K, used 2625K [0x0000000714e00000, 0x000000071c100000, 0x0000000786f80000)
  object space 117760K, 2% used [0x0000000714e00000,0x0000000715090670,0x000000071c100000)
 Metaspace       used 10952K, capacity 11202K, committed 11392K, reserved 1058816K
  class space    used 1192K, capacity 1290K, committed 1408K, reserved 1048576K
}
Event: 2.746 GC heap before
{Heap before GC invocations=19 (full 9):
 PSYoungGen      total 51200K, used 96K [0x0000000786f80000, 0x000000078a880000, 0x00000007c0000000)
  eden space 44032K, 0% used [0x0000000786f80000,0x0000000786f80000,0x0000000789a80000)
  from space 7168K, 1% used [0x000000078a180000,0x000000078a198000,0x000000078a880000)
  to   space 7168K, 0% used [0x0000000789a80000,0x0000000789a80000,0x000000078a180000)
 ParOldGen       total 117760K, used 2625K [0x0000000714e00000, 0x000000071c100000, 0x0000000786f80000)
  object space 117760K, 2% used [0x0000000714e00000,0x0000000715090670,0x000000071c100000)
 Metaspace       used 10952K, capacity 11202K, committed 11392K, reserved 1058816K
  class space    used 1192K, capacity 1290K, committed 1408K, reserved 1048576K
Event: 2.756 GC heap after
Heap after GC invocations=19 (full 9):
 PSYoungGen      total 51200K, used 0K [0x0000000786f80000, 0x000000078a880000, 0x00000007c0000000)
  eden space 44032K, 0% used [0x0000000786f80000,0x0000000786f80000,0x0000000789a80000)
  from space 7168K, 0% used [0x000000078a180000,0x000000078a180000,0x000000078a880000)
  to   space 7168K, 0% used [0x0000000789a80000,0x0000000789a80000,0x000000078a180000)
 ParOldGen       total 117760K, used 2620K [0x0000000714e00000, 0x000000071c100000, 0x0000000786f80000)
  object space 117760K, 2% used [0x0000000714e00000,0x000000071508f0a8,0x000000071c100000)
 Metaspace       used 10952K, capacity 11202K, committed 11392K, reserved 1058816K
  class space    used 1192K, capacity 1290K, committed 1408K, reserved 1048576K
}
Event: 2.963 GC heap before
{Heap before GC invocations=20 (full 9):
 PSYoungGen      total 51200K, used 34289K [0x0000000786f80000, 0x000000078a880000, 0x00000007c0000000)
  eden space 44032K, 77% used [0x0000000786f80000,0x00000007890fc788,0x0000000789a80000)
  from space 7168K, 0% used [0x000000078a180000,0x000000078a180000,0x000000078a880000)
  to   space 7168K, 0% used [0x0000000789a80000,0x0000000789a80000,0x000000078a180000)
 ParOldGen       total 117760K, used 2620K [0x0000000714e00000, 0x000000071c100000, 0x0000000786f80000)
  object space 117760K, 2% used [0x0000000714e00000,0x000000071508f0a8,0x000000071c100000)
 Metaspace       used 10955K, capacity 11202K, committed 11392K, reserved 1058816K
  class space    used 1192K, capacity 1290K, committed 1408K, reserved 1048576K
Event: 2.964 GC heap after
Heap after GC invocations=20 (full 9):
 PSYoungGen      total 51200K, used 64K [0x0000000786f80000, 0x000000078a880000, 0x00000007c0000000)
  eden space 44032K, 0% used [0x0000000786f80000,0x0000000786f80000,0x0000000789a80000)
  from space 7168K, 0% used [0x0000000789a80000,0x0000000789a90000,0x000000078a180000)
  to   space 7168K, 0% used [0x000000078a180000,0x000000078a180000,0x000000078a880000)
 ParOldGen       total 117760K, used 2628K [0x0000000714e00000, 0x000000071c100000, 0x0000000786f80000)
  object space 117760K, 2% used [0x0000000714e00000,0x00000007150910a8,0x000000071c100000)
 Metaspace       used 10955K, capacity 11202K, committed 11392K, reserved 1058816K
  class space    used 1192K, capacity 1290K, committed 1408K, reserved 1048576K
}
Event: 2.964 GC heap before
{Heap before GC invocations=21 (full 10):
 PSYoungGen      total 51200K, used 64K [0x0000000786f80000, 0x000000078a880000, 0x00000007c0000000)
  eden space 44032K, 0% used [0x0000000786f80000,0x0000000786f80000,0x0000000789a80000)
  from space 7168K, 0% used [0x0000000789a80000,0x0000000789a90000,0x000000078a180000)
  to   space 7168K, 0% used [0x000000078a180000,0x000000078a180000,0x000000078a880000)
 ParOldGen       total 117760K, used 2628K [0x0000000714e00000, 0x000000071c100000, 0x0000000786f80000)
  object space 117760K, 2% used [0x0000000714e00000,0x00000007150910a8,0x000000071c100000)
 Metaspace       used 10955K, capacity 11202K, committed 11392K, reserved 1058816K
  class space    used 1192K, capacity 1290K, committed 1408K, reserved 1048576K
Event: 2.981 GC heap after
Heap after GC invocations=21 (full 10):
 PSYoungGen      total 51200K, used 0K [0x0000000786f80000, 0x000000078a880000, 0x00000007c0000000)
  eden space 44032K, 0% used [0x0000000786f80000,0x0000000786f80000,0x0000000789a80000)
  from space 7168K, 0% used [0x0000000789a80000,0x0000000789a80000,0x000000078a180000)
  to   space 7168K, 0% used [0x000000078a180000,0x000000078a180000,0x000000078a880000)
 ParOldGen       total 117760K, used 2620K [0x0000000714e00000, 0x000000071c100000, 0x0000000786f80000)
  object space 117760K, 2% used [0x0000000714e00000,0x000000071508f370,0x000000071c100000)
 Metaspace       used 10955K, capacity 11202K, committed 11392K, reserved 1058816K
  class space    used 1192K, capacity 1290K, committed 1408K, reserved 1048576K
}
Event: 3.176 GC heap before
{Heap before GC invocations=22 (full 10):
 PSYoungGen      total 51200K, used 33967K [0x0000000786f80000, 0x000000078a880000, 0x00000007c0000000)
  eden space 44032K, 77% used [0x0000000786f80000,0x00000007890abe18,0x0000000789a80000)
  from space 7168K, 0% used [0x0000000789a80000,0x0000000789a80000,0x000000078a180000)
  to   space 7168K, 0% used [0x000000078a180000,0x000000078a180000,0x000000078a880000)
 ParOldGen       total 117760K, used 2620K [0x0000000714e00000, 0x000000071c100000, 0x0000000786f80000)
  object space 117760K, 2% used [0x0000000714e00000,0x000000071508f370,0x000000071c100000)
 Metaspace       used 10955K, capacity 11202K, committed 11392K, reserved 1058816K
  class space    used 1192K, capacity 1290K, committed 1408K, reserved 1048576K
Event: 3.176 GC heap after
Heap after GC invocations=22 (full 10):
 PSYoungGen      total 51200K, used 128K [0x0000000786f80000, 0x000000078a880000, 0x00000007c0000000)
  eden space 44032K, 0% used [0x0000000786f80000,0x0000000786f80000,0x0000000789a80000)
  from space 7168K, 1% used [0x000000078a180000,0x000000078a1a0000,0x000000078a880000)
  to   space 7168K, 0% used [0x0000000789a80000,0x0000000789a80000,0x000000078a180000)
 ParOldGen       total 117760K, used 2620K [0x0000000714e00000, 0x000000071c100000, 0x0000000786f80000)
  object space 117760K, 2% used [0x0000000714e00000,0x000000071508f370,0x000000071c100000)
 Metaspace       used 10955K, capacity 11202K, committed 11392K, reserved 1058816K
  class space    used 1192K, capacity 1290K, committed 1408K, reserved 1048576K
}
Event: 3.176 GC heap before
{Heap before GC invocations=23 (full 11):
 PSYoungGen      total 51200K, used 128K [0x0000000786f80000, 0x000000078a880000, 0x00000007c0000000)
  eden space 44032K, 0% used [0x0000000786f80000,0x0000000786f80000,0x0000000789a80000)
  from space 7168K, 1% used [0x000000078a180000,0x000000078a1a0000,0x000000078a880000)
  to   space 7168K, 0% used [0x0000000789a80000,0x0000000789a80000,0x000000078a180000)
 ParOldGen       total 117760K, used 2620K [0x0000000714e00000, 0x000000071c100000, 0x0000000786f80000)
  object space 117760K, 2% used [0x0000000714e00000,0x000000071508f370,0x000000071c100000)
 Metaspace       used 10955K, capacity 11202K, committed 11392K, reserved 1058816K
  class space    used 1192K, capacity 1290K, committed 1408K, reserved 1048576K

