# JRE version: OpenJDK Runtime Environment (7.0_101) (build 1.7.0_101-b00)
# Java VM: OpenJDK 64-Bit Server VM (24.95-b01 mixed mode linux-amd64 compressed oops)
Heap
 PSYoungGen      total 181248K, used 176552K [0x00000007c6f00000, 0x00000007dd000000, 0x0000000800000000)
  eden space 175104K, 99% used [0x00000007c6f00000,0x00000007d188f2a0,0x00000007d1a00000)
  from space 6144K, 47% used [0x00000007d1a00000,0x00000007d1cdb020,0x00000007d2000000)
  to   space 5632K, 0% used [0x00000007dca80000,0x00000007dca80000,0x00000007dd000000)
 ParOldGen       total 116736K, used 2668K [0x0000000754e00000, 0x000000075c000000, 0x00000007c6f00000)
  object space 116736K, 2% used [0x0000000754e00000,0x000000075509b260,0x000000075c000000)
 PSPermGen       total 21504K, used 11723K [0x000000074a800000, 0x000000074bd00000, 0x0000000754e00000)
  object space 21504K, 54% used [0x000000074a800000,0x000000074b372fa8,0x000000074bd00000)
GC Heap History (10 events):
Event: 6.068 GC heap before
{Heap before GC invocations=3 (full 0):
 PSYoungGen      total 51200K, used 46864K [0x00000007c6f00000, 0x00000007ca800000, 0x0000000800000000)
  eden space 44032K, 100% used [0x00000007c6f00000,0x00000007c9a00000,0x00000007c9a00000)
  from space 7168K, 39% used [0x00000007ca100000,0x00000007ca3c4020,0x00000007ca800000)
  to   space 7168K, 0% used [0x00000007c9a00000,0x00000007c9a00000,0x00000007ca100000)
 ParOldGen       total 116736K, used 16K [0x0000000754e00000, 0x000000075c000000, 0x00000007c6f00000)
  object space 116736K, 0% used [0x0000000754e00000,0x0000000754e04000,0x000000075c000000)
 PSPermGen       total 21504K, used 11691K [0x000000074a800000, 0x000000074bd00000, 0x0000000754e00000)
  object space 21504K, 54% used [0x000000074a800000,0x000000074b36ac68,0x000000074bd00000)
Event: 6.074 GC heap after
Heap after GC invocations=3 (full 0):
 PSYoungGen      total 51200K, used 2786K [0x00000007c6f00000, 0x00000007cd300000, 0x0000000800000000)
  eden space 44032K, 0% used [0x00000007c6f00000,0x00000007c6f00000,0x00000007c9a00000)
  from space 7168K, 38% used [0x00000007c9a00000,0x00000007c9cb8840,0x00000007ca100000)
  to   space 7168K, 0% used [0x00000007ccc00000,0x00000007ccc00000,0x00000007cd300000)
 ParOldGen       total 116736K, used 24K [0x0000000754e00000, 0x000000075c000000, 0x00000007c6f00000)
  object space 116736K, 0% used [0x0000000754e00000,0x0000000754e06000,0x000000075c000000)
 PSPermGen       total 21504K, used 11691K [0x000000074a800000, 0x000000074bd00000, 0x0000000754e00000)
  object space 21504K, 54% used [0x000000074a800000,0x000000074b36ac68,0x000000074bd00000)
}
Event: 6.279 GC heap before
{Heap before GC invocations=4 (full 0):
 PSYoungGen      total 51200K, used 44561K [0x00000007c6f00000, 0x00000007cd300000, 0x0000000800000000)
  eden space 44032K, 94% used [0x00000007c6f00000,0x00000007c97cbcf8,0x00000007c9a00000)
  from space 7168K, 38% used [0x00000007c9a00000,0x00000007c9cb8840,0x00000007ca100000)
  to   space 7168K, 0% used [0x00000007ccc00000,0x00000007ccc00000,0x00000007cd300000)
 ParOldGen       total 116736K, used 24K [0x0000000754e00000, 0x000000075c000000, 0x00000007c6f00000)
  object space 116736K, 0% used [0x0000000754e00000,0x0000000754e06000,0x000000075c000000)
 PSPermGen       total 21504K, used 11691K [0x000000074a800000, 0x000000074bd00000, 0x0000000754e00000)
  object space 21504K, 54% used [0x000000074a800000,0x000000074b36aee8,0x000000074bd00000)
Event: 6.290 GC heap after
Heap after GC invocations=4 (full 0):
 PSYoungGen      total 95232K, used 2768K [0x00000007c6f00000, 0x00000007cd300000, 0x0000000800000000)
  eden space 88064K, 0% used [0x00000007c6f00000,0x00000007c6f00000,0x00000007cc500000)
  from space 7168K, 38% used [0x00000007ccc00000,0x00000007cceb4020,0x00000007cd300000)
  to   space 7168K, 0% used [0x00000007cc500000,0x00000007cc500000,0x00000007ccc00000)
 ParOldGen       total 116736K, used 24K [0x0000000754e00000, 0x000000075c000000, 0x00000007c6f00000)
  object space 116736K, 0% used [0x0000000754e00000,0x0000000754e06000,0x000000075c000000)
 PSPermGen       total 21504K, used 11691K [0x000000074a800000, 0x000000074bd00000, 0x0000000754e00000)
  object space 21504K, 54% used [0x000000074a800000,0x000000074b36aee8,0x000000074bd00000)
}
Event: 6.715 GC heap before
{Heap before GC invocations=5 (full 0):
 PSYoungGen      total 95232K, used 90832K [0x00000007c6f00000, 0x00000007cd300000, 0x0000000800000000)
  eden space 88064K, 100% used [0x00000007c6f00000,0x00000007cc500000,0x00000007cc500000)
  from space 7168K, 38% used [0x00000007ccc00000,0x00000007cceb4020,0x00000007cd300000)
  to   space 7168K, 0% used [0x00000007cc500000,0x00000007cc500000,0x00000007ccc00000)
 ParOldGen       total 116736K, used 24K [0x0000000754e00000, 0x000000075c000000, 0x00000007c6f00000)
  object space 116736K, 0% used [0x0000000754e00000,0x0000000754e06000,0x000000075c000000)
 PSPermGen       total 21504K, used 11707K [0x000000074a800000, 0x000000074bd00000, 0x0000000754e00000)
  object space 21504K, 54% used [0x000000074a800000,0x000000074b36ed58,0x000000074bd00000)
Event: 6.725 GC heap after
Heap after GC invocations=5 (full 0):
 PSYoungGen      total 95232K, used 2754K [0x00000007c6f00000, 0x00000007d2500000, 0x0000000800000000)
  eden space 88064K, 0% used [0x00000007c6f00000,0x00000007c6f00000,0x00000007cc500000)
  from space 7168K, 38% used [0x00000007cc500000,0x00000007cc7b0840,0x00000007ccc00000)
  to   space 5120K, 0% used [0x00000007d2000000,0x00000007d2000000,0x00000007d2500000)
 ParOldGen       total 116736K, used 24K [0x0000000754e00000, 0x000000075c000000, 0x00000007c6f00000)
  object space 116736K, 0% used [0x0000000754e00000,0x0000000754e06000,0x000000075c000000)
 PSPermGen       total 21504K, used 11707K [0x000000074a800000, 0x000000074bd00000, 0x0000000754e00000)
  object space 21504K, 54% used [0x000000074a800000,0x000000074b36ed58,0x000000074bd00000)
}
Event: 7.140 GC heap before
{Heap before GC invocations=6 (full 0):
 PSYoungGen      total 95232K, used 90818K [0x00000007c6f00000, 0x00000007d2500000, 0x0000000800000000)
  eden space 88064K, 100% used [0x00000007c6f00000,0x00000007cc500000,0x00000007cc500000)
  from space 7168K, 38% used [0x00000007cc500000,0x00000007cc7b0840,0x00000007ccc00000)
  to   space 5120K, 0% used [0x00000007d2000000,0x00000007d2000000,0x00000007d2500000)
 ParOldGen       total 116736K, used 24K [0x0000000754e00000, 0x000000075c000000, 0x00000007c6f00000)
  object space 116736K, 0% used [0x0000000754e00000,0x0000000754e06000,0x000000075c000000)
 PSPermGen       total 21504K, used 11707K [0x000000074a800000, 0x000000074bd00000, 0x0000000754e00000)
  object space 21504K, 54% used [0x000000074a800000,0x000000074b36ed58,0x000000074bd00000)
Event: 7.147 GC heap after
Heap after GC invocations=6 (full 0):
 PSYoungGen      total 180224K, used 5090K [0x00000007c6f00000, 0x00000007d2700000, 0x0000000800000000)
  eden space 175104K, 0% used [0x00000007c6f00000,0x00000007c6f00000,0x00000007d1a00000)
  from space 5120K, 99% used [0x00000007d2000000,0x00000007d24f8850,0x00000007d2500000)
  to   space 6144K, 0% used [0x00000007d1a00000,0x00000007d1a00000,0x00000007d2000000)
 ParOldGen       total 116736K, used 32K [0x0000000754e00000, 0x000000075c000000, 0x00000007c6f00000)
  object space 116736K, 0% used [0x0000000754e00000,0x0000000754e08000,0x000000075c000000)
 PSPermGen       total 21504K, used 11707K [0x000000074a800000, 0x000000074bd00000, 0x0000000754e00000)
  object space 21504K, 54% used [0x000000074a800000,0x000000074b36ed58,0x000000074bd00000)
}
Event: 8.093 GC heap before
{Heap before GC invocations=7 (full 0):
 PSYoungGen      total 180224K, used 180194K [0x00000007c6f00000, 0x00000007d2700000, 0x0000000800000000)
  eden space 175104K, 100% used [0x00000007c6f00000,0x00000007d1a00000,0x00000007d1a00000)
  from space 5120K, 99% used [0x00000007d2000000,0x00000007d24f8850,0x00000007d2500000)
  to   space 6144K, 0% used [0x00000007d1a00000,0x00000007d1a00000,0x00000007d2000000)
 ParOldGen       total 116736K, used 32K [0x0000000754e00000, 0x000000075c000000, 0x00000007c6f00000)
  object space 116736K, 0% used [0x0000000754e00000,0x0000000754e08000,0x000000075c000000)
 PSPermGen       total 21504K, used 11714K [0x000000074a800000, 0x000000074bd00000, 0x0000000754e00000)
  object space 21504K, 54% used [0x000000074a800000,0x000000074b370900,0x000000074bd00000)
Event: 8.101 GC heap after
Heap after GC invocations=7 (full 0):
 PSYoungGen      total 181248K, used 2924K [0x00000007c6f00000, 0x00000007dd000000, 0x0000000800000000)
  eden space 175104K, 0% used [0x00000007c6f00000,0x00000007c6f00000,0x00000007d1a00000)
  from space 6144K, 47% used [0x00000007d1a00000,0x00000007d1cdb020,0x00000007d2000000)
  to   space 5632K, 0% used [0x00000007dca80000,0x00000007dca80000,0x00000007dd000000)
 ParOldGen       total 116736K, used 2668K [0x0000000754e00000, 0x000000075c000000, 0x00000007c6f00000)
  object space 116736K, 2% used [0x0000000754e00000,0x000000075509b260,0x000000075c000000)
 PSPermGen       total 21504K, used 11714K [0x000000074a800000, 0x000000074bd00000, 0x0000000754e00000)
  object space 21504K, 54% used [0x000000074a800000,0x000000074b370900,0x000000074bd00000)
}

